# Bundle file v0.3
26 666
0 0 0
0 0 0
0 0 0
0 0 0
0 0 0
0 0 0
0 0 0
0 0 0
0 0 0
0 0 0
0 0 0
0 0 0
0 0 0
0 0 0
0 0 0
1963.23634502 -0.00742694073225 -0.00173718293678
0.960505021162 0.187660855627 0.205459260165
0.0862210314349 -0.902738597198 0.421460506889
0.264567643639 -0.387100023759 -0.883265267938
0.131990205269 -1.3073193796 1.59712556728
0 0 0
0 0 0
0 0 0
0 0 0
0 0 0
0 0 0
0 0 0
0 0 0
0 0 0
0 0 0
0 0 0
0 0 0
0 0 0
0 0 0
0 0 0
2103.93110955 0.00461764331516 0.000699857540332
0.975362591892 0.219193335762 0.024941850299
0.173168563706 -0.8307582412 0.529011713691
0.136676489868 -0.511659091814 -0.8482479065
3.94608189418 -2.75579532988 0.959809327196
2054.80439558 0.0068802489026 0.00195682583825
0.963349474537 0.10664058325 0.246141373834
-0.046770401552 -0.836756321207 0.545574365655
0.264140719026 -0.537090909367 -0.80110113945
-0.044812255966 -4.82001057423 -0.385864047324
0 0 0
0 0 0
0 0 0
0 0 0
0 0 0
0 0 0
0 0 0
0 0 0
0 0 0
0 0 0
0 0 0
0 0 0
0 0 0
0 0 0
0 0 0
0 0 0
0 0 0
0 0 0
0 0 0
0 0 0
0 0 0
0 0 0
0 0 0
0 0 0
0 0 0
0 0 0
0 0 0
0 0 0
0 0 0
0 0 0
0 0 0
0 0 0
0 0 0
0 0 0
0 0 0
0 0 0
0 0 0
0 0 0
0 0 0
0 0 0
2040.80083446 -0.000932160182931 -0.000411600181133
0.805872811306 0.0311513401339 0.591268641149
-0.0718259145273 -0.986096564005 0.149848605133
0.587715960308 -0.16322732757 -0.79243093676
-8.96895764477 2.64972724722 -3.72677435191
0 0 0
0 0 0
0 0 0
0 0 0
0 0 0
0 0 0
0 0 0
0 0 0
0 0 0
0 0 0
0 0 0
0 0 0
0 0 0
0 0 0
0 0 0
0 0 0
0 0 0
0 0 0
0 0 0
0 0 0
0 0 0
0 0 0
0 0 0
0 0 0
0 0 0
0 0 0
0 0 0
0 0 0
0 0 0
0 0 0
2042.22785397 -0.00149756252657 -0.000402126152813
0.946547450617 0.320846317877 -0.0332500230901
0.308143143491 -0.868934362527 0.387299466485
0.0953715201197 -0.376843089263 -0.921354198571
4.28093145079 0.880106216412 2.07234427461
0 0 0
0 0 0
0 0 0
0 0 0
0 0 0
-3.27288593067 5.82338973781 13.0250251818
231 180 163
2 8 3271 86.71392 -337.632 3 3817 114.66024 -204.44136
-3.00225786478 4.20309407663 13.021055318
81 80 86
4 24 4929 406.02 234.08952 8 4616 106.95408 -164.56728 3 4890 114.3972 20.063544 7 5021 376.1304 20.962584
-5.9964620712 2.68046784776 10.6724972327
211 216 220
3 24 1393 -193.11 181.85568 3 1980 -551.5632 47.37144 7 1875 -214.8684 -75.10608
-0.0370828142872 5.99189103149 16.7054880824
250 248 249
4 17 452 125.95272 -79.20048 8 255 560.412 -87.85488 3 496 585.18 27.84624 7 408 733.9656 146.61768
-6.36765836806 4.96045088982 11.4416455836
95 88 78
2 8 2244 -419.7552 -359.604 3 1774 -437.2632 -244.8672
-1.80198211538 7.03446727639 14.3951370041
218 210 199
2 8 4740 319.0848 -351.8328 3 5025 367.4688 -239.32152
2.29278956368 10.2108952224 18.8728366466
37 25 13
2 8 5257 796.7688 -320.3352 3 5203 865.3536 -252.5784
-2.09023398587 4.70675625888 14.2476497725
8 7 3
2 8 4249 269.388 -122.57736 3 4758 284.2296 39.41448
-2.15593693737 3.66712451701 14.3285851642
183 179 178
2 8 921 256.6728 3.14124 7 857 472.5168 222.01488
-2.92543863464 2.62790500513 13.256869974
166 156 154
2 8 78 104.38248 54.67272 3 147 90.38592 273.0648
-7.16688110472 0.6110909849 10.2982307351
249 255 255
2 24 1982 -647.1816 522.0144 7 2450 -618.2232 218.99904
-6.60637905331 1.82769242138 10.4356726832
247 247 247
3 8 1928 -651.7488 -59.22864 3 1943 -728.244 168.28176 7 1490 -395.6232 21.132576
-6.99975909322 3.83210987542 10.5851561584
222 217 221
2 3 1244 -654.9864 -162.4872 7 1604 -341.3808 -296.9424
0.199335651699 6.26222633089 16.8741297257
202 204 201
2 17 3942 157.48944 -111.468 8 4244 591.3072 -106.48416
-6.62252246198 1.96547941736 10.4768611765
167 167 167
2 8 444 -643.2792 -77.58696 3 936 -716.9664 146.75208
-0.696621115488 4.7611874254 16.1382418797
32 24 21
2 8 4410 482.6496 2.1871944 7 4755 648.9768 236.96328
2.07628019205 7.4272070438 21.449937766
134 135 129
2 8 5150 787.1784 55.58832 3 5067 788.7096 120.37728
-0.00663492156568 7.11307797916 15.9253938636
186 177 170
2 8 3860 561.4488 -252.5712 3 4042 609.1608 -131.05368
-1.50608213451 7.1564860482 14.555048183
81 77 65
2 8 1285 358.7208 -352.8888 3 1090 411.5352 -239.82144
-3.32143315087 5.72037531682 12.9536906051
220 202 182
2 8 3315 76.93584 -333.0024 3 4012 103.08384 -196.96032
-1.64075983689 8.23511670242 14.9470144288
100 97 90
3 8 141 357.0 -417.4464 3 67 402.9984 -333.0408 7 5079 588.9216 -256.2936
-0.294955074773 6.42962011073 16.0668106384
65 62 53
2 8 621 528.5208 -174.05304 3 491 563.2296 -47.28744
-6.96032030349 7.2108609428 12.018481673
239 231 242
2 3 3691 -390.5952 -478.248 7 4228 -147.186 -548.556
-7.14955222999 8.02263017203 12.0566016146
251 244 236
3 8 1571 -395.2728 -587.4984 3 353 -377.784 -562.9128 7 315 -144.96744 -631.716
-2.0832557527 4.92367025058 14.1192083288
20 21 15
2 8 257 268.6728 -157.22352 3 247 288.24 2.798328
-8.1090098116 5.7578920065 10.8424582241
148 81 75
2 8 1045 -657.6168 -480.7344 3 351 -690.2064 -418.1592
-6.95158937572 0.903833498076 10.4574503428
66 68 63
3 17 782 -1044.1896 485.916 8 672 -756.0072 81.3324 3 581 -844.1592 335.0688
-4.14892794848 5.41549431293 12.4347564403
230 215 196
2 8 2865 -59.4456 -339.8616 3 3184 -42.4764 -204.76824
0.164995915505 6.15665154368 16.9656720947
100 97 88
3 8 4552 587.7408 -83.75424 3 4542 611.3088 25.50984 7 4470 753.312 151.84872
-4.13197192459 2.76207685096 11.7347792265
248 248 248
3 8 3649 -138.77784 -89.63016 3 4045 -163.21944 142.91208 7 4150 155.27496 83.8728
-4.21399552343 3.04507941739 11.7592517394
67 75 77
2 24 963 174.17064 295.0728 7 1361 150.08544 38.83008
-6.60961518002 5.97971411186 12.2529618889
23 18 14
2 3 3000 -378.8472 -308.6376 7 2505 -140.03136 -377.9256
0.337857523963 7.66468440227 15.9625550303
153 154 149
4 24 108 855.9528 67.29024 8 89 601.0392 -303.4296 3 123 658.2624 -190.40304 7 85 819.5784 -77.72808
-1.96172785 7.32783329479 14.4280413231
166 158 147
2 8 3855 299.0616 -374.4384 3 4589 351.5616 -272.0736
-8.18937231141 3.52057524798 10.2715674385
204 205 200
2 24 191 -581.6016 -156.00168 7 549 -588.7968 -328.4352
-3.73378311865 3.89879169946 12.492436504
4 2 3
3 24 4832 286.416 214.8648 8 4013 -21.732432 -167.41056 7 4911 253.92 -6.160656
-5.5761795334 3.26036438611 10.9379536466
242 241 237
2 8 3185 -393.444 -219.15144 3 3686 -430.9416 -22.253544
-3.81752251335 5.22623252063 12.5477344064
204 180 170
4 24 4911 336.1248 4.87212 8 3948 -11.19984 -314.0328 3 4938 6.158568 -165.84432 7 4726 267.9264 -184.16304
-7.32503116681 6.96395752108 11.4583334956
216 203 195
2 24 2947 -135.91728 -517.1568 7 2833 -221.4948 -591.816
-6.05677160888 3.8364822739 10.9417270776
16 15 11
2 24 1769 -117.88776 -16.725648 7 525 -161.77488 -227.74584
-4.97025558494 7.66817420208 13.536103887
126 123 118
2 8 1020 -89.5488 -446.5176 3 837 -51.84528 -395.4312
-7.3319001628 5.51007479416 11.5669867555
35 36 31
3 24 3135 -231.87816 -295.2744 3 2539 -535.2432 -318.5736 7 2915 -287.676 -418.308
-10.2093289593 5.13817505501 10.4292279105
239 152 142
2 8 1405 -979.7904 -431.5272 7 524 -819.4848 -576.6792
-6.08461413074 2.38841755562 10.7714359096
148 153 157
2 24 1649 -233.67528 241.0584 7 1889 -246.6216 -19.579296
-3.32930341805 2.07497438331 12.8743437445
228 238 248
2 24 82 251.9256 569.772 7 123 274.9128 320.8608
-6.63437777942 1.79488476005 10.5346871754
220 220 220
2 8 3205 -649.032 -46.82136 3 3074 -723.2688 181.2672
-0.810884775369 4.99854268413 17.6140076732
103 100 95
2 8 5264 474.6696 76.65 3 5204 479.22 186.82656
-5.02024228152 7.90793716865 13.8056941639
240 228 228
3 17 4383 -495.5088 -293.628 8 3763 -83.53488 -447.756 3 4234 -44.79864 -397.2
-5.70233743306 3.65536326448 11.0995088055
34 35 29
2 8 3360 -389.5536 -251.1984 7 3387 -101.98704 -171.89976
-3.47151706444 2.04949210509 12.5381825415
251 250 255
2 8 5118 -14.95716 77.25672 3 5088 -41.4384 320.6688
-6.92051108706 1.97358544683 10.2781467076
230 234 235
2 24 2306 -460.0728 235.08024 7 2498 -456.9864 -33.95976
-3.67098367931 2.35445042156 12.1524340562
252 251 249
2 8 4188 -56.78016 1.9360344 3 4429 -80.73408 244.5264
-6.87679069938 1.30967115313 10.277515337
246 248 245
2 8 1684 -740.3568 6.068664 7 839 -496.2912 87.75504
-3.47446485184 0.957983476455 15.0425364344
104 103 109
2 8 3509 63.26472 402.9312 7 4198 185.8728 630.6552
-7.40447786932 7.04117579394 11.5321106856
255 251 248
2 8 3196 -479.8056 -545.3232 3 3609 -486.5928 -508.656
0.436051688875 6.74381108054 16.765669653
210 214 215
3 17 4179 172.47672 -170.47968 8 4226 620.8104 -156.06072 3 4572 656.5344 -42.50112
-3.32930341805 2.07497438331 12.8743437445
228 238 248
2 24 5008 251.9256 569.772 7 5053 274.9128 320.8608
3.81057708551 10.0465173837 19.7877055158
180 170 161
2 17 3512 658.4448 -500.8872 8 3816 959.2224 -253.1808
0.832922487735 6.66411677229 19.3640778235
104 103 99
2 8 940 666.3504 13.692504 3 677 675.7896 99.89976
-5.76171778457 2.61342382421 10.9437496483
131 134 139
2 24 2692 -147.98016 229.4232 7 2905 -168.19464 -27.09168
-0.339493838805 11.1339027957 16.9510129175
88 63 32
2 8 4744 510.2736 -499.8624 3 4992 594.9432 -468.1968
-5.81393311296 3.48271036388 11.0268406082
29 29 27
4 24 4516 -99.75552 72.37488 8 4952 -408.144 -240.9336 3 5117 -451.4544 -55.93992 7 3581 -134.35608 -158.18136
-6.10109479161 2.35438148001 10.8212943295
7 10 17
3 24 1841 -239.31144 249.768 8 2042 -518.592 -102.49584 7 1953 -249.696 -9.78552
-3.40459012691 4.15641539789 12.6875035415
188 191 184
2 8 674 36.69696 -183.96432 7 755 313.956 -13.719168
-6.77874252126 1.88513176103 10.3494619656
212 218 218
2 24 1129 -435.048 268.8888 7 1405 -431.1264 -4.552608
0.0712800826491 7.60865507695 15.8526649852
194 190 178
2 8 4446 568.5984 -304.7448 3 4479 624.3744 -190.42728
-3.33378045366 3.78073413081 12.7805535101
1 0 0
2 3 5014 43.08696 61.42944 7 5012 315.9648 49.5636
0.0487553672746 6.70395515224 16.1969182743
121 122 127
3 17 4097 96.7212 -179.98032 8 4380 572.472 -189.99672 3 4571 611.3736 -68.80704
-5.65648461057 3.46915676215 10.9863610832
28 28 26
2 24 2138 -65.44176 77.91888 7 2496 -105.33024 -155.14584
-3.71329897952 3.94590043991 12.3749258749
141 144 137
2 8 5037 -24.24504 -183.51072 3 5019 -24.73032 4.332264
-4.87316588653 2.93111806927 11.3914724861
249 253 254
2 8 3190 -269.3544 -138.35208 7 3565 22.885248 -1.2458496
-2.3673820853 10.6980014579 15.5330075484
240 238 223
2 8 2509 278.8056 -555.0192 3 2676 358.5024 -536.7912
-7.01821751422 1.97853261794 10.2614730451
19 24 27
2 24 2206 -481.3224 225.69936 7 2587 -477.3408 -40.41768
0.0348901443825 10.4851239281 16.6102112201
228 219 224
4 24 5068 852.5832 -216.47856 8 4243 551.5656 -475.332 3 4838 633.2976 -430.0344 7 5152 762.3096 -306.4416
-5.87013022291 6.941853875 12.6974951217
105 67 66
2 8 4781 -237.71952 -445.9896 7 5057 8.198112 -418.32
-3.21838399474 1.84709937778 12.6448800219
249 248 253
2 8 116 27.00984 114.36648 7 89 288.5856 347.0112
-3.03454335057 2.64997178632 13.0725670897
25 17 15
2 17 382 -444.1152 284.1192 8 994 80.07888 31.49304
-5.37450096653 3.82226110556 11.2082022763
61 52 45
2 8 3041 -326.7576 -264.3312 3 3288 -354.3144 -87.43152
-2.60931681295 6.28518887564 13.6881290339
29 24 18
3 8 4351 197.52 -334.3824 3 4978 234.966 -204.9492 7 4926 459.5928 -175.91832
0.208818178359 6.47566550171 16.6410753719
250 250 252
3 17 4492 143.25456 -138.8148 8 4736 593.592 -138.41304 3 4748 625.836 -22.771176
-5.16628047269 2.86853246758 11.2896480869
205 213 216
3 24 3491 -11.288952 237.786 3 3219 -357.9312 79.32816 7 3841 -35.84688 -12.047352
-7.02437122393 0.855883231404 10.3479790731
214 219 222
2 24 1324 -588.276 478.128 7 1625 -562.116 180.65112
-0.00401159405161 6.85021917201 15.7986460274
251 247 244
3 8 4227 561.528 -236.2284 3 4318 606.8904 -113.0532 7 4451 773.0472 -8.922312
4.5504672886 11.8267758942 22.2167113947
224 215 206
2 8 5194 980.8176 -248.9832 3 5152 1028.7672 -203.47848
-1.86368807791 5.32829246906 14.2117962973
175 168 160
2 8 2743 301.8192 -195.29784 3 2440 329.2056 -41.87736
-3.88137289488 3.35770563138 11.9109556324
45 39 27
2 8 3714 -78.61392 -152.98848 3 4502 -91.4244 60.45432
-6.71634164328 3.43871434802 10.9411562012
31 31 29
2 17 1598 -950.388 159.84024 8 2281 -552.8256 -221.92848
-7.32421695825 0.899498662861 10.2250206415
214 220 220
2 24 723 -658.6536 438.6384 7 1003 -629.3184 146.31072
-3.83006314008 2.52034687238 12.1957265951
19 24 27
2 24 4981 204.73224 435.2472 7 5097 202.10256 176.12376
-2.86134926911 4.0093760942 13.2355356925
34 36 31
2 8 3971 130.42632 -121.2396 3 4399 135.67344 64.09032
0.0554519634742 7.79023605484 15.8038557811
72 70 57
2 8 4104 565.6608 -324.8928 3 4292 624.1584 -213.7632
-6.84934451874 0.888773145884 10.2234465027
202 202 212
2 3 97 -854.8584 327.6216 7 69 -527.808 169.40472
-3.150070487 5.30848202667 12.9542264669
47 44 35
2 8 3636 96.1428 -291.2136 3 4436 117.72216 -140.51688
4.8412753529 11.6684034178 22.8883445338
231 223 212
2 8 4860 1002.7224 -202.97928 3 4925 1041.8016 -158.77608
-1.51126109154 7.10541019107 14.5152003413
73 70 55
2 8 308 356.9136 -351.396 3 112 410.4528 -236.77296
0.469340600705 6.76497325988 16.7434966529
206 208 207
3 17 139 173.82312 -174.61776 8 56 625.2312 -159.10056 3 83 661.3632 -45.65736
-6.68057149705 6.61959550615 12.1205593865
161 114 108
2 3 2221 -370.8144 -398.2608 7 1926 -127.36704 -466.8984
-5.87774367472 2.7867139042 10.7922960471
165 166 170
2 3 2904 -515.0928 40.19472 7 2393 -182.8884 -76.1868
-2.42976869258 4.83129914804 13.5669039457
127 123 124
2 24 2371 502.4496 194.45616 7 2880 470.196 -2.43384
-6.87740585192 1.91829939254 10.2902242393
203 207 206
2 24 882 -455.4 250.7928 7 1315 -451.6896 -21.055536
-6.96468297275 0.871459865067 10.3750852916
135 135 133
2 8 874 -766.5504 81.86952 3 619 -858.1416 337.2192
4.08150647768 10.4865808766 19.9068611382
223 206 198
2 17 170 690.5376 -548.3976 8 71 981.228 -280.1832
-3.40195884775 5.74644004462 12.9329198743
139 45 35
2 8 3053 65.69688 -336.6816 3 3383 91.34448 -202.70736
-3.6684385433 2.65384761488 12.3192523867
211 217 215
2 24 4947 238.40016 425.6472 7 5085 234.9456 170.45928
-6.61988022115 7.08458828149 12.0935908601
228 223 220
3 24 4739 -16.793712 -431.0856 3 3950 -345.0936 -458.6952 7 4607 -107.24136 -521.2608
-3.35377967522 1.8098785387 12.4595479428
246 245 251
2 8 4514 -2.486088 103.78776 7 4679 264.3864 335.5296
-8.25519225977 6.54585810612 10.8418760816
239 225 214
2 24 3464 -330.1656 -576.312 7 3190 -394.8312 -643.92
-3.59726238578 3.85058985747 12.5622397657
10 6 5
2 24 4962 305.8416 233.41896 7 4985 276.36 11.687448
-0.514874332368 8.2780691622 15.79344711
162 155 137
2 24 5058 769.3032 -45.8976 7 5023 714.4872 -173.00976
-7.03496749473 6.34753783651 11.4327926506
179 129 128
2 24 396 -125.6052 -420.9024 7 1044 -203.86776 -519.7752
0.146763434163 6.60968692838 16.4056190978
227 228 232
3 17 4483 120.92088 -162.46032 8 4524 585.4008 -166.91448 3 4566 621.3072 -47.91168
-5.06252494137 5.0579584904 12.0616031557
21 17 14
2 3 4993 -205.8276 -192.50688 7 4851 69.1608 -246.0576
-2.14304468107 5.12863180042 13.8778878944
65 57 54
2 8 2881 256.7304 -199.5852 3 2512 280.6104 -40.54008
-6.82390409496 1.82683073906 10.6311968686
41 44 37
3 17 433 -1005.7512 357.6768 8 333 -667.8408 -44.69232 3 342 -745.5888 186.71568
-5.55056346253 2.71231274123 11.0432208874
159 161 160
2 8 2558 -402.4464 -136.06008 3 2467 -445.8216 77.08368
-4.64395515058 2.85220225342 11.4481307163
165 169 172
2 8 3251 -231.86424 -124.02792 3 3761 -261.8688 98.03088
-3.89678508328 3.96057791677 12.1823740478
159 159 151
2 8 3281 -58.74624 -201.66936 3 3078 -60.70224 -14.07984
-2.7023339745 3.79914917207 13.5000843344
19 16 9
2 8 4644 158.92872 -74.69256 3 4802 160.59792 112.93224
-6.18866756396 6.52852870972 11.9938617368
124 92 93
2 24 4621 24.26184 -348.8688 7 4478 -60.95688 -455.7816
-8.0281883306 1.41887488336 10.21257547
68 77 86
2 24 1665 -759.6576 266.5992 7 1902 -730.4832 17.228688
-2.57911010601 3.85016561245 13.6664238917
20 21 16
3 8 4173 179.5656 -68.85456 3 4294 184.63728 113.7564 7 4443 425.616 139.22904
1.37230471172 10.5656435247 17.6844042187
211 206 203
4 24 4920 946.848 -119.00784 8 4636 698.9352 -415.2264 3 4744 776.5824 -362.3472 7 5032 886.704 -213.702
-0.427444891045 6.08148922626 16.2988127641
205 202 193
2 8 4352 513.5592 -121.75632 3 4532 541.4328 4.513368
-7.62460751315 3.69429731061 10.4475394043
72 71 66
2 24 3724 -445.4088 -133.76664 7 3197 -467.472 -314.484
-1.86261995005 4.78746446786 14.5808469178
33 34 28
2 8 5057 306.2208 -106.40112 3 5071 322.9848 51.22008
-2.56817149172 4.75057568769 13.3994924145
54 49 53
2 3 317 201.23904 -26.77056 7 2302 449.7 -8.725896
-8.99884031839 6.90108349353 10.6421251607
119 91 51
2 8 2083 -731.5944 -598.6512 3 1213 -770.0712 -584.256
-3.54553286447 2.90273291253 12.1934455771
181 163 161
2 8 1836 -24.09864 -69.95472 3 1729 -39.2376 158.23536
-5.66180735224 3.77531363291 11.1177378116
66 63 58
2 8 2283 -377.028 -264.3048 3 1681 -407.3928 -91.09704
-2.51901541262 6.13721895216 13.7113990748
3 1 2
2 3 5024 243.5976 -185.93616 7 5037 472.1208 -154.46424
-5.72536107741 3.48184670854 10.9780820533
29 30 22
2 8 2340 -403.392 -241.2264 3 2055 -443.2488 -57.28512
-3.89465335144 2.77921199766 11.9390193841
103 102 98
2 8 1508 -92.28528 -74.7696 7 1032 199.1232 109.64016
-0.12221486345 6.21320517662 17.2366996338
254 253 249
2 8 539 553.9776 -71.13336 3 378 577.8144 41.23272
-4.56057224525 2.92216634891 11.4203093884
58 60 59
2 8 3269 -219.38088 -137.09712 3 3789 -245.6544 86.03448
-6.90963220302 1.09911646109 10.3757808319
252 252 250
2 8 1123 -744.3768 45.45648 3 940 -832.9608 294.6552
-6.05677160888 3.8364822739 10.9417270776
16 15 11
2 24 331 -117.88776 -16.725648 7 1424 -161.77488 -227.74584
-6.83277952023 1.87317706822 10.3022937674
246 248 245
2 8 2404 -699.8736 -78.29688 7 1893 -445.176 -11.291376
-0.0266536740461 11.440505939 16.9365024889
243 238 219
2 8 4841 538.5624 -526.0128 3 5114 636.6288 -495.8472
-4.80189317003 7.97169286719 13.7995646754
184 183 179
2 8 1144 -56.35392 -452.0952 3 489 -15.013056 -406.8648
1.22811551802 11.9811113431 18.0729117237
105 94 76
2 8 5176 672.8352 -494.4936 3 5166 763.6368 -461.76
-6.69267480969 2.13033645459 10.3860307466
227 233 233
2 24 3869 -392.52 225.98448 7 3717 -395.7072 -40.6476
2.61955854741 7.87216790294 20.3938531789
160 161 155
2 8 625 849.396 -41.59032 3 1226 865.7568 42.71712
-0.466432679604 9.79919939931 16.0894706751
234 227 221
3 17 2807 45.09408 -514.8264 8 3367 498.84 -454.164 3 3325 575.6232 -405.624
-7.97759357641 6.71743307804 11.0679921573
221 208 199
3 24 2997 -266.6328 -558.4728 3 2633 -606.3912 -515.6856 7 2991 -338.784 -629.7984
-2.02149995598 7.28828929529 14.3822225735
28 19 10
2 8 2821 292.0152 -374.1744 3 2202 341.1912 -271.3248
0.13367845335 6.64048259246 16.9509678631
206 205 200
2 8 4650 583.9488 -133.44048 3 4606 614.6376 -18.016848
0.25374486991 6.61134184331 17.2707188601
250 245 239
2 8 587 598.9728 -109.37856 3 754 627.132 3.065184
-2.80287100124 3.84850013091 13.2821851389
35 36 30
2 8 4233 138.27 -98.41776 3 4500 141.99 91.2696
0.68616205717 7.10131935583 17.0636368646
107 110 103
2 8 2488 648.9864 -172.80168 3 2312 687.3048 -57.07368
-3.53721887657 5.20256504073 12.6285878417
136 127 120
2 8 86 30.5832 -305.8656 3 60 47.8188 -154.83792
-3.82333108143 4.64901083621 12.3598117474
76 72 71
2 24 4796 312.3984 80.19312 7 4204 260.3496 -125.3532
-2.96493664623 6.2303475791 13.4405674201
85 79 63
2 8 2277 144.63816 -346.2936 7 1862 412.2888 -198.74304
-0.333242830183 7.13345947034 15.2167088049
159 135 123
3 8 5230 515.3784 -306.228 3 5185 570.4536 -183.47976 7 5157 750.2928 -92.73144
-6.45677531091 2.08372367729 10.548880188
241 246 249
2 24 3660 -341.4072 263.04 7 3442 -345.5904 -5.183352
-3.24233885574 10.185394984 15.1295193807
10 7 2
4 24 2570 514.3248 -397.4928 8 1785 175.94016 -534.7488 3 885 245.1528 -517.7664 7 2303 399.5136 -460.0368
-2.91809765549 3.7596232177 13.1336173184
41 40 35
2 8 171 116.42952 -99.6108 3 170 117.8952 93.4968
-5.0388377906 4.82940724968 11.7661511619
35 32 27
2 24 5094 126.6348 -57.64944 7 5135 62.96424 -244.08
-3.85880836492 5.31396583375 12.6472030122
246 229 201
2 8 3226 -11.19984 -314.0328 7 3047 267.9264 -184.16304
-2.63213402181 3.11187474455 14.0200156373
43 37 37
2 8 2663 174.62808 51.28872 3 2113 167.22648 242.28
-7.73057496457 7.62461915194 11.5158378265
123 90 57
2 8 5101 -500.2368 -594.768 3 5155 -506.8848 -578.7624
-6.31632265744 7.50601932984 12.2176453612
198 190 187
2 8 2882 -303.192 -536.3952 3 3005 -285.0528 -495.312
-5.42108796411 3.72803242977 11.2086769815
190 191 185
4 24 3478 -4.596792 63.06768 8 3274 -336.6432 -253.4304 3 3735 -364.5432 -72.79392 7 2711 -48.3504 -162.09696
-4.04523268343 1.86018207422 12.4517474404
1 5 14
2 24 4995 120.90216 553.0248 7 5115 138.92016 299.928
-0.39265093004 5.76956043532 16.3862793912
113 109 106
2 17 4857 71.29008 -58.28256 8 4630 516.3816 -90.08808
-3.95438301504 2.55408065071 11.9004799324
16 14 17
2 8 5179 -108.70704 -46.62288 7 5148 181.1784 140.49024
-7.03130067916 1.09520540354 10.2745489012
237 242 245
2 24 2163 -569.4624 419.3664 7 2458 -548.1456 125.2584
-7.42567920411 4.16888109644 10.6818947675
120 121 115
2 24 2446 -359.712 -181.5996 7 2557 -394.9368 -346.9536
-2.61987659814 3.73650853346 13.8423261176
139 134 130
3 17 4669 -333.9912 150.13464 8 4774 177.35952 -43.49232 3 4948 178.3248 144.5892
-3.0502912266 4.19259819851 12.886276456
82 87 83
2 8 3842 94.73592 -172.41648 3 4397 102.44472 12.209424
-6.62722699954 1.81636985168 10.5025217882
125 125 125
2 8 45 -648.3384 -53.07024 3 59 -725.2464 175.1688
-7.60104183468 2.0509361268 10.1846768881
122 123 118
2 8 3585 -820.2024 -108.31992 7 3489 -594.6456 -84.96336
-6.69685349798 1.67675398232 10.4988134427
194 194 194
2 8 173 -667.3032 -32.27616 3 181 -745.5768 198.95136
-8.01866372153 6.17579377656 11.049498833
185 67 65
2 8 2914 -615.132 -502.4112 3 3010 -641.04 -451.344
-3.82683798177 4.67618443237 12.4148136209
69 64 58
2 3 2694 -17.868168 -99.48168 7 2041 260.3496 -125.3532
-5.60422083964 3.29252883335 10.9708567978
153 155 154
2 24 2432 -66.8904 112.64832 7 2389 -104.64096 -127.91016
0.518274442911 6.33389614793 19.2948801162
119 114 110
2 8 5159 631.752 41.33304 3 5077 639.5832 127.15872
-5.99059041471 3.70565859686 10.9784106711
94 95 90
4 24 2422 -114.29904 15.558288 8 2946 -436.3608 -266.8032 3 3024 -471.4776 -97.56744 7 2546 -157.35936 -202.29576
-3.97642741489 1.93374431386 12.5036415293
87 92 98
2 24 4779 137.75976 545.0184 7 5038 153.0972 294.0216
-7.40875392691 2.11646311087 10.2106926474
57 57 57
2 8 3402 -784.3872 -117.70488 7 3299 -549.6768 -85.80144
-6.35742378608 2.16711213143 10.638120156
51 56 60
2 24 1692 -310.4712 258.4416 7 1793 -318.1848 -6.08856
-7.95588185328 1.81768154988 10.2273970755
38 37 35
2 8 4186 -882.2952 -68.44272 7 3601 -683.3568 -50.59032
-2.0723235669 4.82294882926 14.2517569617
188 189 183
2 8 4476 272.1264 -135.2244 3 4631 289.4928 24.41616
0.0792497240447 6.85200084076 16.2926573337
253 249 248
2 8 416 574.4352 -200.71536 3 690 615.252 -78.75288
4.42120163771 11.800821517 22.1798591601
216 203 194
2 8 4252 968.5392 -248.2128 3 4347 1017.2928 -203.93424
0.196387474792 5.95110752487 16.7185687358
255 252 247
2 8 156 594.5832 -83.52024 7 173 759.5592 152.77632
2.36223629112 11.7461724659 19.0319211966
216 193 177
2 8 1984 789.5328 -422.652 3 1775 870.9936 -377.4144
-2.30038228393 5.8844550696 13.8352321084
104 95 88
3 8 5219 241.728 -284.76 3 5198 270.3888 -142.75272 7 5175 496.4616 -106.43304
-3.29369159343 2.04279504338 12.5439353912
214 212 217
2 8 3003 13.820808 77.61456 3 3071 -11.847912 326.1144
-0.506911419937 5.89111265384 16.2678436081
78 79 73
2 8 4681 504.2064 -104.59464 3 4299 528.7608 24.17472
-6.45753607663 2.11675338433 10.5308732301
104 109 112
2 24 3668 -339.12 255.0528 7 3448 -344.3304 -13.031136
0.0773208229411 6.47262305577 16.9928938548
89 89 81
2 8 4213 576.5976 -113.95896 3 4461 607.044 2.2098384
-7.8483160134 6.82860144098 11.2010117449
233 226 233
2 3 2843 -575.2176 -514.9224 7 3212 -310.8792 -621.7392
3.71840813119 9.91623044351 27.5829091048
139 142 135
2 8 864 879.0048 133.39272 3 916 853.3608 129.45096
-4.08088580386 3.47724571574 11.8832971695
73 66 56
2 8 3527 -108.3876 -169.9008 7 3850 187.55328 -11.03364
0.0337241585292 8.11604390675 15.837411083
68 65 48
2 8 1244 560.9016 -350.8104 3 573 624.2088 -247.164
-6.63437777942 1.79488476005 10.5346871754
220 220 220
2 8 1796 -649.032 -46.82136 3 1377 -723.2688 181.2672
-3.19872156316 5.60834518099 13.0855536731
65 63 51
2 8 2203 97.35816 -312.6336 7 1674 371.6832 -161.97936
-8.091761567 5.7828064288 10.9044132262
172 138 128
2 24 4691 -354.2064 -451.4112 7 4372 -408.0816 -544.0704
-5.87338770277 2.57004146787 10.9093966155
248 249 251
3 8 2346 -466.5432 -126.45312 3 1976 -517.4328 85.8696 7 2233 -191.30256 -27.86304
-3.95324107167 2.90878999212 11.9406697913
11 16 12
3 24 592 211.3452 344.7504 8 1190 -99.08808 -91.76088 7 616 192.552 87.93672
-6.92768723359 0.944930948631 10.4108839662
35 35 33
2 8 1263 -753.4872 73.18152 3 987 -841.7904 326.04
-2.50985973468 5.99432211021 13.6655349141
211 208 201
3 8 4907 208.35648 -307.356 3 5092 242.5344 -169.32456 7 5001 470.8608 -141.78336
-3.68676219646 2.71067987138 12.2849996727
86 96 95
2 24 266 239.7528 412.8216 7 156 232.94064 157.86384
-5.30611270835 3.67682432489 11.1849729037
227 222 216
2 8 2597 -322.9512 -249.6528 3 2378 -350.9904 -65.61288
-3.86224521225 8.06820124411 14.477292766
89 85 76
2 17 620 -354.7632 -310.2144 8 2584 77.75208 -414.4944
-3.89993648224 2.6664686767 12.1110091515
200 202 201
2 17 4869 -622.3248 265.5672 8 5063 -85.95096 -39.71784
-8.48880990177 3.24661439878 10.3850920966
211 212 204
2 8 2295 -861.9168 -240.4008 7 3195 -664.1688 -280.8648
-6.97812488798 1.30893261191 10.1357034037
214 214 216
2 3 3797 -857.5248 236.62512 7 3883 -526.6416 72.25992
-2.42221013945 4.82298830885 13.4956979774
226 218 216
2 8 2094 207.80208 -196.506 3 1632 226.81776 -27.87336
-9.46103933448 6.59198949193 10.3221538994
252 248 237
2 8 3092 -827.8392 -599.7768 7 2571 -606.1128 -743.2536
-0.263059697112 6.77371377354 15.6741576303
59 56 51
2 8 5251 528.9936 -237.64272 3 5202 573.804 -110.16048
-0.530060482183 10.0892112703 16.5488283383
112 107 101
2 8 3138 490.2096 -450.4392 3 3185 566.6712 -400.716
-8.06553294263 3.88744650721 10.4047662243
113 112 107
2 24 2468 -518.9496 -199.98312 7 2789 -533.6688 -360.8904
-8.29561199176 3.33940873878 10.4082857421
246 247 241
2 8 2777 -828.024 -252.0072 7 2129 -620.4456 -285.9576
-3.74166178446 2.37710211043 12.1205139344
9 7 10
2 3 3974 -93.6852 237.26856 7 4307 213.32376 196.90128
-9.10530240462 1.01652224417 10.7327655521
178 151 156
2 24 2192 -984.7632 303.3048 7 3196 -943.1688 106.49928
-7.07137757412 1.95463679422 10.2634706159
56 58 57
2 8 3055 -736.2072 -92.43216 7 2473 -490.4256 -38.80536
-1.80364757779 5.24312539413 14.3210515877
129 130 125
2 8 2711 311.976 -177.63192 3 2759 336.9456 -23.192808
-5.9954343061 3.72256693814 10.9901793253
129 129 121
2 8 2426 -436.3608 -266.8032 3 2060 -471.4776 -97.56744
-7.99387751175 5.77591913956 10.906051827
104 74 66
2 24 2841 -337.476 -444.9552 7 3058 -392.7312 -540.7248
-6.18819975321 2.33873699349 10.7304552007
252 251 255
2 8 1318 -538.4808 -109.52784 3 1204 -597.228 107.1864
-3.9093787705 2.75682557861 11.8676106766
229 230 225
2 8 1793 -98.1552 -77.724 3 1607 -119.72688 155.16528
-3.15291214244 3.80676066316 12.9315856816
189 188 183
2 8 4306 75.84504 -121.06368 3 4686 77.40096 70.33704
-6.45411429494 1.9708177475 10.6271727031
24 23 31
2 8 1714 -606.6648 -63.22224 7 1558 -348.5352 22.1322
-2.76443243691 5.63511538936 13.3560530211
207 205 193
2 8 3097 163.99992 -295.2072 7 3373 434.2368 -129.87672
-7.28094829563 6.97015588886 11.5056427133
130 100 92
2 24 3920 -129.16968 -510.7728 7 3578 -212.60616 -585.9384
-6.93503211968 0.861135434653 10.3802328019
102 107 110
2 24 924 -566.0064 485.3712 7 1159 -540.8688 186.7248
-0.0472366509178 6.96872522951 16.0032619265
134 133 128
2 8 4116 557.3496 -232.61664 3 4581 601.7376 -110.316
0.0347001994209 6.42001465868 15.9744417949
255 255 251
2 8 4785 569.6904 -183.04512 7 4849 767.376 48.88704
-6.77874252126 1.88513176103 10.3494619656
212 218 218
2 24 2855 -435.048 268.8888 7 3103 -431.1264 -4.552608
-8.06455387622 3.35749229863 10.2986170189
196 197 192
2 24 2495 -570.2448 -115.584 7 2679 -576.264 -296.784
0.631517771311 6.83189088641 17.9419194379
254 251 246
2 8 344 643.1904 -87.62952 3 509 668.772 16.611576
-7.97986306008 5.70733709182 10.9280696079
146 145 140
2 24 4938 -339.4824 -431.6784 7 5008 -393.432 -529.3848
-0.697165854924 6.10270203938 15.7428887521
13 2 0
2 8 5240 475.7592 -162.98064 3 5187 507.5256 -31.90992
-6.71736933812 1.74116745079 10.3988359328
196 201 204
2 24 232 -432.9432 307.1808 7 228 -426.9672 29.47536
-2.89512792014 2.52460779023 13.0975430141
166 156 154
2 8 3793 104.38248 54.67272 7 4054 355.728 280.2048
-6.32984726895 6.72391223536 12.3138805352
193 145 141
3 8 3586 -318.0672 -456.7272 3 3983 -307.824 -391.056 7 3925 -70.66656 -448.1472
-3.42004693761 4.24486471787 12.9650494539
82 79 74
2 17 3409 -484.3608 75.33792 8 4496 47.42016 -163.39824
-7.85475744185 2.16868890881 10.2186477164
248 244 241
2 8 1594 -848.1744 -118.95816 7 1078 -634.3344 -110.09832
-8.06455387622 3.35749229863 10.2986170189
196 197 192
2 24 4422 -570.2448 -115.584 7 4117 -576.264 -296.784
-7.15834854897 7.0739599155 11.7381774025
109 80 74
3 24 3642 -102.88032 -491.7096 3 3222 -436.6584 -491.2584 7 3483 -189.35016 -571.6368
-3.99469942537 1.74462663456 12.2912853499
3 2 7
3 8 4310 -117.62472 103.42968 3 4561 -150.41688 347.412 7 4845 143.43624 310.9968
-6.86049590405 1.13007072696 10.3847486492
240 245 248
2 24 1268 -522.36 430.056 7 1414 -503.508 137.32608
0.472645158359 11.6095741166 17.3243021056
92 84 71
2 8 4941 594.6624 -514.9152 3 5112 688.0968 -482.2944
-0.135092545466 10.1488684238 16.5398828601
232 227 224
4 24 4501 825.7272 -190.95816 8 2672 533.2584 -454.848 3 2918 612.5952 -404.4072 7 3752 744.3504 -286.1568
-3.90202539343 2.8489603778 11.9183504079
29 26 21
2 8 4179 -92.71488 -85.35984 3 4820 -112.62768 143.2236
-1.13014106356 4.76109458847 16.2939077966
97 92 86
2 8 3525 425.7912 17.619744 3 3168 433.0776 152.9916
-6.5391865826 9.29210136976 13.4932799379
251 245 229
2 8 3488 -233.62176 -564.228 7 4411 -7.042848 -584.1552
-1.73195041689 5.07242851829 14.7719612337
51 51 53
2 8 1133 328.1208 -123.26016 3 1208 348.0096 26.9028
-1.29812031601 6.81292953807 14.6238564589
188 182 170
2 8 1553 387.0744 -316.8216 3 1602 434.592 -192.96096
-6.91690197631 0.502417418666 10.2713599264
18 18 28
2 8 993 -796.0584 138.71184 7 1320 -568.5936 245.3232
-1.93894388125 4.15715604596 14.4003994485
170 166 167
2 8 474 291.3168 -50.78712 7 332 511.9992 166.70616
-0.0370828142872 5.99189103149 16.7054880824
250 248 249
4 17 4798 125.95272 -79.20048 8 4738 560.412 -87.85488 3 4525 585.18 27.84624 7 4531 733.9656 146.61768
-6.48884601926 2.08533937008 10.5749074609
250 252 251
2 8 3981 -607.8792 -86.1744 3 4352 -677.8248 134.76288
-1.05827576046 4.92284218655 16.2748742855
147 136 132
2 8 4550 434.256 -1.1206656 3 4810 445.2528 133.32528
-4.96080123617 7.8854667174 13.6373795727
128 118 116
2 8 364 -82.1964 -456.828 3 631 -41.31768 -411.0384
-6.56333978144 1.85264477513 10.5492922485
198 203 209
3 24 491 -383.4096 302.8128 8 349 -637.512 -52.40304 7 430 -380.9592 31.2852
-5.87601372526 4.30389217191 11.2153803152
141 142 137
2 24 1281 -50.76528 -63.89208 7 1957 -105.1248 -257.3688
-7.46589945796 2.08024885799 10.1722454791
4 5 7
2 24 2812 -573.2136 165.04824 7 3019 -563.5464 -85.43448
-5.57335430605 4.81675154157 11.5810124747
20 21 16
2 24 2436 34.91256 -100.34568 7 2531 -29.55384 -277.1592
-7.91495200759 3.70171322775 10.4692791227
147 146 141
2 8 877 -752.3712 -293.8704 3 436 -810.852 -161.13096
-6.97854458905 0.687512032751 10.373118394
203 208 212
3 24 117 -590.5056 519.3312 8 105 -790.5192 117.76608 7 81 -562.2624 219.36648
-3.81145722201 3.32540463553 12.0433093877
32 25 15
3 8 1817 -61.90752 -138.3588 3 1263 -74.81544 77.34456 7 1200 229.16496 34.93272
-1.67726463603 6.40762409718 14.2956105374
114 104 95
2 8 1352 331.956 -301.1616 3 853 374.4888 -170.36592
-2.48473348471 3.67692497604 13.9817450592
19 15 12
2 8 4571 200.39568 -21.942384 3 4779 201.26328 160.94688
-2.26441935031 4.44657547503 13.9050008719
166 163 158
2 8 1246 236.2152 -120.14424 3 1223 249.1416 51.89736
-3.04100721635 2.71918658944 12.9791846655
180 169 165
2 8 287 79.24608 20.205264 3 393 66.03192 242.1696
-3.39260403488 5.31968373224 12.7967536364
24 19 16
2 24 4802 401.6304 28.36056 7 4722 338.1912 -159.0552
-3.66447259514 2.42187066056 12.1708334512
189 189 187
2 8 5239 -53.05824 -6.080688 7 5173 228.44184 196.55856
0.631517771311 6.83189088641 17.9419194379
254 251 246
2 8 4661 643.1904 -87.62952 3 4534 668.772 16.611576
-7.55262869863 3.99958608528 10.5708047381
201 202 196
2 24 1905 -401.9088 -171.07224 7 2205 -430.368 -340.7808
-5.20033166184 3.04965085355 11.0887476403
204 204 202
2 8 3797 -332.5728 -180.40104 3 4069 -369.2304 29.80392
-3.90202539343 2.8489603778 11.9183504079
29 26 21
2 8 1390 -92.71488 -85.35984 3 608 -112.62768 143.2236
1.4128202403 7.03147998758 21.2409925781
147 142 138
2 8 3014 721.7496 80.80128 3 2805 720.2064 142.66488
1.14187379939 7.73930769351 17.0457819628
221 222 214
2 8 3681 699.8352 -235.86696 3 3931 749.1912 -122.69688
-2.21527643634 4.67605951125 13.9133068204
170 167 162
2 8 4100 245.5272 -147.26472 7 4656 490.1376 53.39088
-7.3319001628 5.51007479416 11.5669867555
35 36 31
3 24 2006 -231.87816 -295.2744 3 2771 -535.2432 -318.5736 7 2223 -287.676 -418.308
-7.65332570114 4.24006300807 10.7664303902
25 25 17
2 3 2727 -713.6472 -213.63984 7 3027 -428.6424 -351.9144
-4.79037767803 7.37799786209 13.5796810147
248 247 243
2 8 2713 -71.24904 -418.8552 3 2466 -35.17608 -358.8
-5.27463808359 2.80669929376 11.1962346399
201 203 202
2 8 2742 -346.4736 -136.35144 3 2754 -384.6144 76.94328
-2.14584911815 3.83965477609 14.8015939662
161 157 154
2 8 4152 266.568 19.877064 3 4001 267.3672 185.69184
0.0897069699988 6.7672208954 16.5023283095
147 148 143
2 8 4447 576.612 -177.22464 3 4474 614.1384 -57.11592
-5.81393311296 3.48271036388 11.0268406082
29 29 27
4 24 300 -99.75552 72.37488 8 282 -408.144 -240.9336 3 87 -451.4544 -55.93992 7 1474 -134.35608 -158.18136
-2.42221013945 4.82298830885 13.4956979774
226 218 216
2 8 3328 207.80208 -196.506 3 3683 226.81776 -27.87336
-7.73801602717 7.42174511268 11.6008994956
86 62 38
2 8 295 -504.324 -568.1088 3 250 -509.34 -547.0128
-2.56630520442 4.75898125166 13.4141933378
77 68 69
3 8 24 185.74728 -195.13776 3 34 201.23904 -26.77056 7 24 449.7 -8.725896
-6.04135070653 2.69956891278 10.6848654359
112 114 113
2 8 3385 -502.8168 -165.48528 3 3341 -557.7792 44.18712
-6.44534591113 6.73372356735 12.3081659285
136 86 85
2 3 1613 -325.3152 -394.1088 7 1233 -86.30592 -454.1328
-5.55370997317 4.38958566615 11.3826713825
124 121 112
2 24 3746 13.278432 -45.70512 7 3513 -43.48536 -241.0224
-5.02464259522 2.80960382154 11.276814423
142 146 147
2 8 2997 -302.8872 -131.36256 3 3022 -337.4088 86.56368
-3.7118816761 2.42548169115 12.0959575597
216 216 226
2 3 1434 -87.6672 228.89424 7 1188 220.54032 187.20768
-0.638023126934 5.0525664425 16.4603752594
188 183 179
3 8 3510 487.7832 -3.272712 3 3675 499.6608 120.4548 7 3460 655.716 231.02976
-2.79771297039 5.60513444856 13.3354346264
27 24 15
2 8 3118 158.64864 -293.4744 7 3374 429.0528 -128.93016
-0.488485877727 5.31806915186 16.1574474024
192 191 186
2 8 4276 507.9 -55.25424 7 4081 682.3488 175.37448
-7.73684863825 7.8719973329 11.8572882954
239 235 232
3 24 4973 -146.1228 -610.0944 3 4837 -472.9896 -569.04 7 5068 -238.3884 -651.7488
-0.0707368192232 6.70587873876 16.0288277282
83 84 78
2 8 4982 555.3552 -205.45344 3 5028 596.364 -79.05216
-2.22076783533 3.7354387681 14.6268339663
123 120 115
2 8 4365 251.7792 19.486704 3 4345 252.444 190.19136
-6.38668326526 2.29536727747 10.5871867999
221 226 230
2 24 4682 -305.916 227.08344 7 4867 -318.816 -34.94832
-8.24114629787 3.81240566132 10.4326547013
203 204 196
2 8 506 -794.5392 -306.6 3 258 -856.4568 -184.78584
-7.33073972953 7.35855984601 11.6118459643
251 250 248
2 8 5195 -460.2168 -567.9984 3 5170 -455.808 -537.516
0.591075288047 7.09416702077 16.9412726633
121 122 116
2 8 2776 637.3896 -180.10392 3 2593 676.6416 -63.94152
-7.01821751422 1.97853261794 10.2614730451
19 24 27
2 24 1780 -481.3224 225.69936 7 2062 -477.3408 -40.41768
-5.93248852816 4.22238279865 11.1770494779
138 139 134
2 24 1199 -66.57072 -56.67144 7 1680 -119.15616 -251.9856
-1.45938260228 9.02911801175 15.8249746809
107 103 100
2 3 3161 444.3288 -350.088 7 3669 595.7184 -261.9936
-1.9819039407 7.22246184718 14.4118238233
189 181 170
2 8 2399 297.8496 -366.0096 3 1503 345.1728 -261.2928
0.176405013361 6.33383752676 16.6328320942
250 249 244
3 8 4437 587.7432 -124.54776 3 4423 617.9544 -9.546816 7 4569 766.6464 110.87328
-4.01841248133 1.88722315669 12.2988629652
2 1 9
2 8 467 -116.32752 83.20584 3 544 -148.7484 324.204
-3.00997476946 4.11769727211 13.0746255302
135 135 137
3 24 163 398.6208 249.456 8 306 107.29296 -149.54184 7 102 372.6408 37.13664
-3.71975317467 2.54362789952 12.1854137487
44 48 47
4 24 4912 227.68848 433.7688 8 5100 -59.68848 -22.282176 3 5146 -82.33608 216.0816 7 5058 225.00504 178.48512
-4.54287793086 2.85531696959 11.4634145679
246 247 249
2 8 3115 -215.4828 -124.00632 3 3291 -243.6 100.41528
-3.79466378134 2.91938647336 12.0165195545
152 67 60
3 8 447 -69.07176 -87.5808 3 389 -87.52056 141.11088 7 295 220.55664 96.6312
-3.67272874107 2.27075151337 12.1750460786
26 9 15
2 8 4599 -58.3044 15.6828 3 4623 -82.56792 259.98
-1.84923168432 4.49576963522 14.7327807639
15 11 12
2 8 4829 309.1992 -62.19 3 5070 321.4248 98.41584
-6.16502768343 3.9628290764 10.9683449849
169 168 164
2 24 4503 -128.95008 -43.40592 7 4009 -175.50816 -246.1728
-5.520117248 6.90691438359 12.8377989722
242 241 237
2 8 4905 -194.30136 -433.284 3 4920 -171.24744 -368.4336
-0.600234834807 6.33964477777 15.4802303211
164 155 146
2 8 5177 486.2736 -207.66744 3 5159 523.8912 -74.50536
-2.12451634568 4.34634436652 14.2333636471
80 72 70
2 8 270 261.7536 -82.80744 3 373 272.628 86.84016
1.96897246106 7.68945611467 18.8509971829
152 149 142
2 8 2990 789.9 -114.87984 3 2993 819.5712 -14.87964
-0.536228046688 6.11490697605 15.8857386066
142 133 126
2 8 5235 497.6136 -154.77384 3 5178 528.6768 -23.435064
-7.2126754357 1.93428566311 10.1877286814
16 20 23
2 24 2506 -531.3312 215.66544 7 2865 -523.4784 -48.5016
-6.39740642834 8.64320846749 12.8438203883
108 92 56
2 24 4771 90.87216 -543.6 7 4488 -16.658568 -586.3032
-0.439563217421 5.57109132491 16.4032666355
78 79 73
3 8 4859 512.2872 -61.85928 3 4782 531.4152 60.19776 7 4843 687.5712 169.50888
-6.55936303398 2.14132857046 10.4440548903
225 230 233
2 24 1146 -360.9696 237.15096 7 1562 -366.3312 -30.96432
-0.359004595826 5.72221458983 16.5625129119
163 164 168
2 24 5111 690.084 294.0408 7 5199 693.4152 154.89024
0.0325611360549 6.88610332211 16.0839858774
249 248 244
2 8 577 567.4056 -219.2544 3 434 611.6016 -95.35872
-7.82652467394 3.98003120971 10.5824861488
66 66 58
2 8 2877 -715.7904 -316.2648 3 2976 -771.5256 -192.6492
0.103853871256 6.67766571905 16.687501063
251 252 247
2 8 4585 579.3336 -155.4252 3 4646 613.5552 -36.65352
-3.7517837023 2.46074760653 12.1609221988
193 196 201
4 24 4965 217.134 444.4968 8 5113 -67.59672 -12.75708 3 5048 -93.384 227.49528 7 5065 220.43328 191.87832
-7.74306214931 3.69225032793 10.417236757
194 195 189
2 24 4265 -470.7072 -143.87832 7 3810 -489.6744 -321.6
-6.01727614581 2.4630465799 10.7826574107
208 208 206
2 8 1468 -503.8608 -123.1452 7 1999 -228.1128 -28.88328
-1.06544828892 7.18089155849 14.7593574015
50 48 36
2 8 330 418.2792 -342.8472 3 235 472.2144 -224.78064
-7.06641942983 0.975054087951 10.1798000888
73 77 76
3 24 3967 -592.3656 435.768 3 4175 -894.2496 305.424 7 4285 -570.0072 140.15304
-5.54167547075 4.53249684537 11.4660246027
101 101 91
2 24 3912 23.784168 -61.94904 7 3509 -35.26368 -250.968
-6.26872455351 2.26362822861 10.7914647719
27 26 32
2 8 1657 -549.2352 -91.98552 3 1567 -609.4488 122.91576
-3.47059557177 1.86444145871 12.341258923
23 21 34
2 8 5015 -25.95432 87.78552 7 5042 246.2856 311.5392
-2.8319761969 5.9322331312 13.3985097056
147 145 133
3 8 2052 157.17264 -321.6912 3 1803 190.66968 -185.28888 7 1412 427.6104 -164.508
2.7759602992 12.0116883483 20.1519813525
77 51 26
2 8 42 823.5168 -371.316 3 62 892.4592 -332.7
-6.34812624074 8.85531300984 13.1437255403
130 115 94
2 8 3299 -240.7392 -564.6936 3 3379 -202.75224 -558.492
-6.87463784264 1.49540881196 10.6093044926
202 204 199
2 17 831 -1015.5192 406.7592 8 938 -697.5672 5.200872
-7.78878697159 3.24141482919 10.3971266082
136 131 128
2 8 1898 -762.0312 -245.6112 3 1184 -829.2312 -94.31232
5.66044778286 15.2462642882 24.7163387117
85 62 28
2 8 4172 1008.4176 -334.8744 3 4262 1069.9272 -330.648
1.2242052399 6.99678590054 19.2335999936
126 123 118
2 8 2909 708.648 -25.74528 3 2671 723.9864 64.94496
-5.97887449331 4.02828229232 11.1891358208
8 4 1
2 3 3280 -438.7488 -127.33512 7 2648 -133.54152 -225.06048
-5.42108796411 3.72803242977 11.2086769815
190 191 185
4 24 2406 -4.596792 63.06768 8 2124 -336.6432 -253.4304 3 1694 -364.5432 -72.79392 7 2848 -48.3504 -162.09696
-8.05579658203 3.24886087637 10.2806814614
188 191 184
2 24 1729 -579.5448 -96.71424 7 2123 -583.2192 -282.3528
-2.33201329616 4.90736108781 13.5727380291
74 64 62
2 8 2896 224.0544 -200.11704 3 2008 242.3592 -33.2064
-5.50175421308 3.84814455258 11.2785101283
74 66 63
2 8 2982 -342.2568 -260.3784 7 2685 -55.6224 -173.18304
-8.48772856548 6.73052365521 10.6895155661
250 250 248
2 8 1917 -679.5552 -587.316 3 1652 -702.0672 -556.8552
-3.95241305214 2.92127185207 11.9776740193
11 16 12
2 24 4643 211.3452 344.7504 7 4603 192.552 87.93672
-1.95048640883 5.18556432629 14.3074192957
186 187 181
2 8 5189 291.828 -171.234 3 5148 314.2032 -18.334296
-0.60278530841 6.38184645712 15.6776482613
120 110 98
2 8 5252 486.036 -196.19088 3 5199 524.3568 -67.64424
-3.36249218871 3.95494265621 12.63449434
25 27 22
2 8 449 37.13856 -163.98912 3 403 39.83208 25.82208
-6.89858240494 0.792170873832 10.3415087857
245 250 253
4 24 1279 -561.6672 496.2216 8 1678 -769.512 97.51176 3 1370 -860.4792 355.0944 7 1524 -536.8392 198.67368
-0.941281914431 4.82768345951 17.2139101789
14 9 5
2 8 4494 457.62 69.74928 3 4750 459.4224 188.22192
-3.29862896691 3.83381299816 12.8043909894
37 32 28
2 8 3409 50.57112 -134.40408 3 3945 51.60816 55.9728
-7.81148393623 0.338986735725 10.5276531978
134 136 135
2 24 2491 -804.3384 541.896 7 1707 -763.8552 269.4864
-4.28918806998 1.28599171025 12.9303310187
76 75 81
2 24 4037 36.25008 656.0688 7 4480 71.1396 424.7976
0.41430537632 6.94875225702 16.9434056849
229 228 233
2 24 4996 796.6992 194.74512 7 5156 790.128 61.18248
-2.17561163301 4.82723320337 13.9602525089
105 102 95
3 8 4538 251.6232 -159.92112 3 4733 270.5184 2.463432 7 4690 498.5112 40.37136
-3.17507302138 2.83194397557 12.6737862123
189 178 176
2 8 505 50.98752 -21.026496 7 204 321.5112 189.27144
1.1898451534 10.7557188988 17.8775220333
117 109 106
2 8 3471 677.4936 -420.2592 3 3376 757.5048 -367.26
0.267024161259 7.32830571663 16.1955721743
121 118 109
2 8 971 595.428 -254.2632 3 704 644.508 -136.11936
-9.90639318194 5.03383121079 10.239556198
255 171 163
2 8 1643 -968.9832 -442.0488 3 1411 -1030.3056 -388.9632
-1.22417040196 4.71131550801 16.3101277969
84 71 62
2 8 3583 413.5224 24.57168 3 3785 420.2448 158.52408
-5.55700909574 6.86313010438 12.8968938024
204 196 194
3 24 4632 127.26024 -278.892 3 4055 -174.23496 -360.4464 7 4385 42.25824 -390.0744
-5.27995039147 2.91135006357 11.1240682125
214 222 224
2 24 2953 -30.47448 215.47416 7 2995 -58.19904 -39.96936
-7.22291682912 1.39054690272 10.2155219452
250 250 248
2 8 1119 -793.284 -12.8628 3 872 -884.3112 221.88384
-2.17960823323 4.69485515356 14.0450758705
15 11 8
2 8 109 252.0648 -137.1552 3 140 269.1768 27.6732
-9.20136926095 1.16338181216 10.7113203841
72 55 63
2 24 5021 -991.0488 264.5832 7 5124 -948.06 74.19
0.0378760216388 6.41273770717 16.3937504385
10 5 2
2 17 4956 111.27024 -138.73776 8 4972 570.2112 -152.57016
-5.39048955047 2.60788494944 11.1053028901
6 4 18
2 8 2844 -376.7616 -117.2592 3 2637 -420.2976 101.982
-7.48371562812 2.19276878804 10.2139085399
16 16 16
2 8 3440 -791.4576 -126.92976 7 3377 -558.5976 -101.6112
-4.89691432715 4.63038223776 11.7747083405
217 207 195
2 8 2940 -207.29688 -308.5488 3 3089 -211.66536 -156.30672
-1.46011694129 7.35236366631 14.606099691
179 173 161
2 8 1270 366.1656 -367.3944 3 710 420.192 -258.4536
-5.09578179723 4.97414514943 11.8270484918
44 41 36
2 24 4544 124.7904 -78.94464 7 3920 57.15888 -257.9544
-4.41851075186 2.90940923542 11.6285335716
181 186 190
2 24 3654 130.71624 300.324 7 3641 106.92816 41.04312
-6.1320091725 2.42056460141 10.7650809625
167 167 165
2 8 1932 -522.5688 -117.87576 3 1848 -581.1624 96.35136
-10.0013023744 4.8538159867 10.525748385
140 66 63
2 8 2311 -960.48 -394.0152 7 1588 -800.172 -523.74
-7.79988434682 3.16839340512 10.3727610458
55 50 44
2 3 858 -838.056 -86.66064 7 504 -540.8424 -248.2008
-7.50230871409 4.16430480232 10.7597518913
19 20 15
3 24 3884 -374.3232 -172.15488 3 2900 -692.7624 -207.30216 7 3501 -407.8992 -339.9048
-1.467412503 6.38816532026 14.3613228146
95 85 83
2 8 137 360.72 -295.5024 7 88 612.42 -103.44168
-7.43294334071 6.97434188626 11.438063443
240 236 235
2 24 4698 -153.44424 -526.02 7 4453 -237.24864 -597.7704
-6.92374254843 0.92903021437 10.3645524798
233 238 242
2 24 1266 -556.9584 470.0064 7 1631 -534.372 172.06416
-3.82954030039 2.51435178749 11.9891129671
188 186 187
2 8 3882 -85.94568 -33.91248 3 4602 -109.002 204.86352
-7.17220694621 0.971031961697 10.228223193
208 212 213
2 24 2234 -616.7112 434.4384 7 2520 -590.7072 138.81672
0.344317559498 7.65953253296 15.9689999324
153 154 149
3 24 4988 855.9528 67.29024 8 5166 601.0392 -303.4296 7 5127 819.5784 -77.72808
-6.5454277378 1.86456233206 10.5887429758
142 142 144
2 8 1528 -629.3256 -50.75424 7 1504 -375.3168 33.40752
-9.00816550806 7.64211504942 11.0281800307
60 60 34
2 24 1055 -378.1224 -736.4232 7 1859 -443.6184 -751.7376
0.208818178359 6.47566550171 16.6410753719
250 250 252
3 17 596 143.25456 -138.8148 8 395 593.592 -138.41304 3 539 625.836 -22.771176
-7.60588081311 1.15727087695 10.158544519
109 113 112
2 24 2930 -698.2104 354.0168 7 3089 -670.8672 76.97544
-1.93046723438 7.24173788505 14.4041692597
101 93 82
2 8 2376 303.504 -369.0024 3 1733 353.196 -263.712
-7.1547442401 0.962366099406 10.2488900728
89 93 94
2 24 2237 -612.3048 438.7968 7 2565 -586.656 143.496
1.88776317838 7.36417215942 20.9707584219
16 17 12
2 8 5047 771.288 36.5292 3 4984 774.7656 106.49112
-0.896289650118 7.43871897457 14.9084556712
170 172 171
2 3 5041 498.1104 -243.0024 7 5027 684.1968 -161.9556
0.303712569109 7.07754387702 16.4151821366
102 100 88
2 8 4836 601.6464 -214.69416 3 4900 645.24 -94.76232
-4.6053440864 2.9050433313 11.4768119995
180 190 192
3 24 3356 97.78104 278.8536 3 3253 -251.2272 95.06736 7 3365 72.41256 20.09784
0.0891787126166 6.40889247476 17.3896333198
46 42 33
2 8 4135 580.3224 -81.1152 3 4457 603.8112 29.49864
-4.72132626656 5.14036274385 12.2237191827
158 146 132
2 8 2638 -149.2608 -325.9224 7 3055 126.9312 -226.41408
-7.97148255037 5.87970093399 11.0035826337
128 74 74
2 8 3124 -624.0624 -478.3512 3 2945 -652.332 -417.816
-6.78843366216 1.4401930297 10.3851827038
199 205 205
2 24 625 -476.6328 366.5016 7 628 -464.6688 80.97936
1.10724626531 10.7234166 17.7177118214
232 224 221
2 8 3690 669.7488 -428.76 3 3875 749.5368 -374.892
-6.59848854008 2.298831357 10.4022842965
148 153 156
2 24 2732 -356.6352 199.07544 7 2867 -365.436 -64.61352
-4.05654062469 1.70830624025 12.2870568243
9 7 20
2 8 699 -128.19144 108.23088 3 693 -161.64648 353.7096
-2.50798023158 5.95091032258 13.6068338097
157 157 149
3 24 173 531.3864 33.84456 8 252 208.35648 -307.356 7 198 470.8608 -141.78336
-4.6226640166 2.9816321701 11.3754622323
202 204 203
2 8 671 -229.23408 -148.82448 3 510 -256.7448 71.83224
-7.14802673644 0.549973092078 10.3850107029
222 227 230
2 24 1644 -644.6256 541.0728 7 1685 -613.2552 241.1376
-3.07724097694 5.62378963045 13.1093491124
147 145 130
2 8 4322 113.43648 -311.2512 3 4651 140.58336 -170.10768
-5.80405260998 2.7554362967 10.8073640778
95 97 96
2 8 972 -455.3232 -163.11648 3 612 -504.9144 48.01464
-5.91722089695 2.66366040775 10.78192644
249 251 250
3 8 2096 -477.8568 -151.36776 3 2028 -531.228 59.68536 7 1312 -197.30352 -59.22984
-3.67782059806 2.6412022807 12.1455739358
72 69 62
2 8 4593 -51.86328 -38.50272 7 4976 232.94064 157.86384
0.202705007318 6.75851140582 16.6621623897
123 122 118
2 8 5262 590.2872 -165.55056 3 5201 628.0584 -46.11336
-7.34951441985 1.75728419983 10.1849354419
207 207 205
2 8 2172 -798.396 -67.9788 7 2018 -566.1384 -23.652408
-8.39715979783 5.90678120934 10.6275429295
203 126 118
2 24 512 -407.9664 -517.7496 7 1070 -457.68 -602.0808
-4.08088580386 3.47724571574 11.8832971695
73 66 56
2 8 431 -108.3876 -169.9008 7 590 187.55328 -11.03364
-6.54796998498 2.43245617297 10.4364686325
156 155 161
2 24 2688 -334.0728 177.7476 7 2647 -344.8488 -81.72864
-8.66281089446 6.40508395006 10.6708007111
245 241 238
2 24 4661 -416.5488 -598.3224 7 4409 -469.8456 -659.7456
-3.20587998742 5.24087317944 12.9185737611
103 100 93
2 24 4174 422.4456 57.52632 7 3683 366.1464 -132.99744
-0.275978299715 6.14873003032 16.5776867382
240 236 227
2 8 521 533.8344 -109.4988 3 580 560.4432 13.295472
-0.78245923667 11.3381661441 16.5659501716
91 72 40
3 8 4820 464.1072 -536.0736 3 4961 546.084 -510.9648 7 5149 673.968 -402.1152
-5.30042785515 2.92449028921 11.0528071953
241 243 240
2 8 2349 -355.0104 -166.35024 3 2159 -393.8544 46.38
-0.633091810454 5.81490761891 15.6801192891
178 174 165
3 8 4831 482.7336 -138.76848 3 4798 511.6632 -6.231624 7 4811 685.2216 87.31824
-0.07359511495 6.9359678906 16.0482798624
246 247 241
2 8 4525 554.3208 -225.81984 3 4661 597.5832 -104.13288
-4.32718425924 2.83382095742 11.7475891922
13 17 28
2 24 4745 139.83192 326.1672 7 4997 122.4648 67.5648
-5.3605491989 3.74083837121 11.2097143099
96 95 90
3 24 2611 9.741816 64.02672 3 3031 -353.3808 -73.97712 7 2515 -37.45104 -161.7264
-3.47446485184 0.957983476455 15.0425364344
104 103 109
2 8 1719 63.26472 402.9312 7 1092 185.8728 630.6552
2.31728917045 7.94624245825 17.9570868852
13 8 4
2 17 4820 424.764 -308.5824 8 3352 835.968 -192.97848
-2.45225640058 3.91406477448 13.7635825592
44 45 40
2 8 4889 202.26168 -68.358 3 4921 207.1356 115.52808
-2.01359379458 4.60753042399 14.4149350571
19 18 16
2 8 5072 281.8176 -98.52216 3 5110 296.1816 63.49632
-6.99932892182 1.10486734567 10.2943899381
221 229 231
2 24 272 -560.5104 420.624 7 157 -539.28 126.83088
-4.49203162817 2.90820993007 11.6019047508
190 195 201
2 24 4529 116.85864 294.4344 7 4476 93.32472 36.11448
-3.17858918752 4.15321359168 12.8175084388
43 44 39
2 8 2005 73.30296 -172.73112 3 1841 79.50552 11.531064
-5.01731598597 8.01559406311 13.7910619171
127 112 107
3 17 4887 -496.188 -305.1336 8 4426 -82.1964 -456.828 3 4346 -41.31768 -411.0384
-0.679396101156 7.13898682791 15.0052986091
161 143 131
2 8 3222 470.2704 -322.4544 3 3472 524.3256 -199.75128
0.171275667448 6.53774878719 16.4929784416
112 110 115
3 17 4868 132.16032 -148.0332 8 5056 587.8296 -157.4316 3 4954 622.0512 -35.41824
1.38075418484 11.2904084322 17.9298894997
245 238 232
2 8 2148 694.6224 -457.7712 3 1879 779.8872 -410.8008
-2.75530250272 5.79232522256 13.3168551326
40 38 26
2 8 895 164.56416 -313.584 3 299 196.03992 -173.51424
-6.82619507012 1.14077454373 10.4485351349
152 157 161
2 24 740 -510.9792 433.224 7 444 -491.9952 143.39664
-2.65252130686 3.15874807212 13.9764695306
196 191 188
2 8 3016 170.74824 42.19776 3 3289 164.55864 232.908
-6.95139931733 0.60982093815 10.1685793614
137 138 140
2 3 4030 -899.832 377.556 7 3950 -576.4176 216.36864
-3.44659365057 3.9293246504 12.631874685
168 170 165
2 8 5061 24.34608 -160.27728 3 5058 25.65744 28.21656
-7.61086963403 5.54706935757 11.5164036339
174 170 167
2 3 2806 -579.4416 -323.5752 7 3059 -328.3608 -432.1176
0.128948222836 6.51422964165 17.0588528419
103 103 95
2 8 4804 583.4904 -113.81616 3 4734 612.8232 1.5656136
-2.6271110209 3.73829026146 13.6053612911
17 16 11
2 8 4408 171.48024 -59.08344 3 4769 173.40168 129.04224
-1.94344821292 3.96364515262 14.4615320558
252 216 218
2 8 4093 291.036 -23.578248 7 4350 506.6904 197.11464
-1.65863224445 6.46835575754 14.3327688917
210 197 191
2 8 1358 335.5776 -304.2096 3 833 377.8608 -175.00704
-6.60961518002 5.97971411186 12.2529618889
23 18 14
2 3 2831 -378.8472 -308.6376 7 3169 -140.03136 -377.9256
-3.82825335604 2.71385285822 12.1649251175
24 25 19
3 17 4992 -608.3136 256.8576 8 5050 -72.64344 -46.7124 3 5096 -94.79376 188.71752
1.37854884792 6.78224077648 17.9191491673
186 190 193
2 17 1123 334.0032 -158.25792 8 1930 729.4728 -94.13664
-5.72056589649 2.59712796599 10.9644214426
19 20 25
2 24 3202 -140.40336 236.65632 7 3185 -161.0688 -20.676888
-7.25161308706 0.69200658835 10.2708774591
226 232 232
2 24 550 -660.5208 494.9112 7 682 -629.9784 195.97056
-4.60121344465 2.84697474656 11.5702558244
22 26 35
3 24 4773 90.59496 297.36 8 3348 -219.25248 -112.51224 7 4634 72.08568 39.18168
-3.4671267437 4.16702592818 12.9283483338
19 18 13
2 17 816 -492.3576 84.52752 8 384 38.3304 -157.12608
-0.22963086045 8.11628489307 15.6554520763
157 144 125
2 8 913 527.5416 -362.592 3 563 591.4248 -261.3096
-7.36114030616 4.2913210764 10.7366565039
216 219 226
2 24 4191 -336.5424 -193.12584 7 3558 -374.664 -355.2984
0.398827164454 6.47719504374 18.4044067257
254 249 243
2 8 4763 617.8224 -24.1644 3 4668 633.8112 73.194
-6.95150401194 0.642071241475 10.2833334936
248 253 255
4 24 1234 -591.6096 523.8384 8 1460 -794.0352 117.98328 3 1301 -888.1608 380.7552 7 1357 -563.4168 221.04984
-10.1510903203 5.28230073204 10.3273907795
255 189 178
2 8 1804 -974.6688 -457.5384 7 1657 -805.4328 -607.0488
-7.32642822844 0.506703483932 10.4078803299
228 236 238
2 24 1079 -687.384 537.6072 7 176 -654.1464 244.5216
-3.05498808604 2.64873114527 12.7182615964
197 103 104
2 8 11 69.05712 5.116344 7 11 337.0128 227.12352
-3.69872856542 2.32908910701 12.1400481862
44 39 36
2 8 4439 -62.4876 4.562688 3 4607 -86.67984 247.5672
-8.05579658203 3.24886087637 10.2806814614
188 191 184
2 24 609 -579.5448 -96.71424 7 916 -583.2192 -282.3528
-0.643025976424 8.04728972544 15.4388009999
194 187 171
2 8 1491 476.04 -369.6264 3 1964 537.3552 -271.4664
-4.19216563714 2.87339880172 11.7962512378
198 203 206
2 24 4553 167.22552 329.844 7 4076 148.39584 70.45728
-8.80120805635 6.55283818524 10.6864959338
250 246 243
2 8 5102 -722.1672 -564.9144 3 5135 -755.5752 -536.4672
-5.75689262225 2.653646496 10.9699050876
97 98 102
2 8 3000 -442.332 -133.15536 7 3098 -163.10136 -31.05048
-3.82073771079 2.43531678123 12.0262445423
28 26 31
2 8 5172 -84.3312 -19.632264 3 5151 -108.95184 220.5384
-5.82046922966 2.70731398826 10.8560726551
219 224 228
3 24 2759 -154.04328 202.11264 8 3091 -457.6704 -151.28808 7 2847 -176.1132 -55.12968
-5.75371259989 3.53948765367 11.0586322825
29 30 22
2 8 3907 -403.392 -241.2264 7 4358 -117.85584 -160.00584
-4.1101870158 1.35638715659 12.712962883
101 102 120
2 24 5040 74.92056 650.4984 7 5154 107.8992 404.2536
-2.51094124512 8.61424332836 15.1206159665
40 33 27
2 17 838 -198.39096 -375.408 8 1417 253.2648 -420.2232
-4.66525865662 2.78511841018 11.4338797669
4 7 14
2 8 3321 -237.732 -116.17848 3 3937 -269.3256 107.88
-0.125491868589 6.65295886407 15.6287761027
33 34 28
2 8 4861 546.648 -230.74536 7 4850 759.7104 -5.043024
2.93021975052 11.4045580665 20.0491868527
246 238 227
2 8 4202 844.7208 -336.672 3 4743 911.5632 -287.5728
-5.1629498928 1.05682617591 15.4348948789
5 6 11
2 24 4667 -122.24136 680.9904 7 4471 -74.3436 572.1912
-0.57304054251 6.08848113692 15.8939574405
144 137 127
2 8 5087 492.9312 -151.21656 3 5095 523.476 -20.257272
-2.87805692933 4.71108791871 13.1243619646
255 249 233
2 8 3878 133.10808 -214.09152 7 4491 404.4288 -35.18784
-0.67267952439 5.57554757901 15.5221919859
167 164 155
2 8 5107 478.4832 -126.75048 7 4936 680.5992 98.32728
-8.13539577488 3.91562371244 10.3875161062
25 27 22
2 24 2632 -530.1672 -210.96912 7 2994 -545.832 -369.1248
-7.16175790619 1.00755211581 10.2445316664
197 201 202
2 24 142 -609.4512 427.6392 7 117 -584.6016 133.8084
-1.98881879988 4.86474632627 14.3490845482
76 77 71
2 8 4562 285.2712 -132.54216 3 4640 303.8112 25.80384
-3.75642526362 2.42738236916 12.073234925
252 248 249
3 8 3902 -72.30024 -15.170112 3 4360 -95.73288 226.34568 7 4600 212.26368 183.72864
-6.31461652439 2.21267149095 10.6510752474
132 137 141
2 24 585 -297.2424 252.984 7 764 -306.6288 -10.979808
0.558037057658 6.72999650815 16.8879834486
13 15 12
2 17 288 191.3028 -170.72448 8 727 634.9128 -149.55456
0.267024161259 7.32830571663 16.1955721743
121 118 109
2 8 3979 595.428 -254.2632 3 4437 644.508 -136.11936
0.41430537632 6.94875225702 16.9434056849
229 228 233
2 24 100 796.6992 194.74512 7 35 790.128 61.18248
-4.63994668006 3.07443178266 11.469793525
166 171 174
2 24 770 100.85736 246.9648 7 1301 71.94864 -8.619264
-5.39901440767 7.15353043856 12.9527115251
218 213 219
4 24 5120 168.3912 -307.6056 8 5237 -170.118 -445.5504 3 5182 -141.82368 -388.0128 7 5191 73.67976 -408.0792
-5.67015047998 3.5740409729 11.0699501752
195 192 201
2 3 2096 -419.8368 -62.61168 7 2945 -100.35096 -162.93984
-5.59805771544 6.08496924601 12.5978555226
13 9 8
3 24 888 86.26944 -203.51064 8 2435 -222.95712 -376.428 7 1080 13.64916 -331.1376
-3.6327080988 2.44210844759 12.1973997265
214 207 199
2 8 426 -46.4832 -6.658944 7 314 234.70704 196.52736
-0.0565543431217 5.88418571867 17.9541616171
7 2 0
2 8 3839 564.2592 6.645696 3 3866 579.7728 111.69264
-3.56144530552 2.74589504363 12.2137119488
185 21 12
2 8 1250 -28.2552 -46.95936 3 673 -46.83984 184.83144
-0.757146925576 4.99761481532 17.2021750437
195 192 187
2 8 596 480.0312 50.6628 3 1045 484.8792 170.3592
-6.68157667297 1.5765736253 10.5008763166
184 189 192
2 24 423 -436.1832 350.9472 7 274 -427.332 72.3744
-3.50697829766 1.99227175648 12.3676357618
20 18 31
2 8 5180 -28.06848 71.47536 7 5137 242.6928 290.4312
-1.69065481408 7.4047017853 14.5354298621
231 225 211
2 8 2845 335.6952 -375.5472 3 3251 389.6568 -271.188
0.0925777791339 7.70025752597 15.9287319677
183 181 168
2 8 5095 570.5712 -307.1328 3 5132 627.6192 -195.44472
-4.10682364389 5.54139000782 12.5097302291
106 99 81
2 8 3094 -48.36384 -346.5552 3 3346 -30.1128 -215.2548
-8.15636766893 5.959989468 11.0304001742
172 138 129
3 24 39 -353.1528 -463.0032 3 79 -668.1792 -426.9288 7 43 -404.9928 -554.5056
-8.26833878938 1.54450001803 10.4216075011
90 89 95
2 8 4215 -929.5704 -8.042904 3 3990 -1009.5672 185.29416
-0.294550087807 6.92501518389 15.3241182344
112 26 27
2 3 4747 572.1384 -153.14544 7 4779 750.2736 -58.10232
-8.70356302345 6.4690878941 10.8897522308
124 31 24
2 8 3287 -698.4552 -540.0816 7 4572 -471.5232 -636.4992
-5.3605491989 3.74083837121 11.2097143099
96 95 90
3 24 2332 9.741816 64.02672 3 2324 -353.3808 -73.97712 7 2595 -37.45104 -161.7264
-2.4490505629 3.16967587752 13.8752164096
57 52 46
2 8 2265 200.68224 30.14568 7 1739 427.596 252.804
-6.43768748202 7.1889540896 12.1437008515
173 170 177
4 24 4703 17.127312 -431.7384 8 3474 -326.8584 -513.972 3 3914 -314.376 -465.216 7 4628 -76.76328 -521.34
-6.01862790727 7.03705725917 12.7366778832
64 40 38
2 3 5156 -238.33128 -390.9744 7 5132 -10.876824 -432.6312
-2.32172324226 3.45457269286 14.5212498585
173 165 162
2 8 389 233.57712 45.59952 3 484 230.37456 222.56472
-7.6061065599 1.47662698115 10.1759097885
207 213 211
2 24 3146 -664.0536 283.9224 7 3278 -641.4168 18.55608
-5.58470702661 5.94590555125 12.3937764532
13 9 8
2 24 2520 86.26944 -203.51064 7 2979 13.64916 -331.1376
1.78156719153 7.65209431271 17.4188926264
34 35 29
2 17 305 341.4072 -282.5712 8 468 778.5528 -200.7924
-6.37515094117 2.12455033896 10.6186203905
211 216 222
2 24 1819 -318.9864 264.7056 7 1942 -324.2352 -1.5476064
-7.02957727702 1.60744905728 10.2371065134
227 233 233
2 24 3941 -520.464 303.1008 7 3855 -508.8048 23.666616
-2.84993625176 5.71798265636 13.2964250564
181 181 173
3 24 288 483.696 31.02168 3 336 180.79728 -166.61016 7 213 421.4592 -150.03216
-7.67190644703 6.80875590743 11.1941546107
219 212 204
2 24 3008 -206.34432 -542.3544 7 3166 -284.8152 -615.0984
-2.76276115825 3.74351159195 13.3386055996
194 194 186
2 8 5097 144.84936 -81.21288 3 5094 146.63664 110.6412
-7.50756829728 2.04523177194 10.1695753846
20 25 29
2 24 3009 -585.7152 169.11144 7 3135 -574.8672 -81.13272
-5.27348659831 2.81192977363 11.1991639667
199 207 209
2 24 3787 -36.58344 239.25024 7 3784 -60.46992 -15.696048
-7.48169956485 4.16450219776 10.7013236204
145 145 143
2 24 3000 -370.764 -182.43552 7 2959 -403.7496 -345.5352
-0.675243328538 10.3543335275 16.03301561
218 207 211
2 24 64 790.776 -259.512 7 44 692.52 -348.5592
-6.66192854744 1.85518655375 10.4168439167
237 241 240
2 24 2494 -409.4856 288.0288 7 2639 -407.3256 12.957888
-2.27197599084 4.87478935446 13.8394727764
146 143 138
2 8 5155 237.11592 -174.73632 7 5121 486.5592 19.710816
-5.5835469744 7.19402021214 13.2379467411
240 235 231
3 17 2160 -591.6048 -227.73864 8 2945 -180.83208 -427.5624 3 2725 -155.48328 -362.0592
-7.56075995076 1.41803560455 10.1511080124
201 207 205
2 24 684 -661.1568 298.8336 7 759 -639.2544 28.38264
0.924095963618 11.9281332054 17.4590191932
253 251 238
2 8 3613 640.7736 -524.388 7 4826 842.3928 -354.1608
-6.60637905331 1.82769242138 10.4356726832
247 247 247
3 8 3361 -651.7488 -59.22864 3 3320 -728.244 168.28176 7 3671 -395.6232 21.132576
-0.421960200078 5.32190863406 16.2341355079
250 249 244
2 8 2853 516.9672 -50.66544 7 2970 688.9392 181.35168
-7.17392571918 1.40367323238 10.1943463698
221 227 227
2 24 317 -575.0328 334.4688 7 286 -556.8432 51.25512
-6.93334881959 0.844430667417 10.4086970091
90 95 98
2 24 935 -565.2336 490.5336 7 1241 -540.8904 193.08192
-0.625019125134 5.34836638726 16.8002602813
38 35 30
2 8 3507 493.512 -12.109608 3 3616 506.1336 112.98408
-6.48269865746 1.94869803544 10.6008644052
238 243 249
4 24 1226 -355.4136 291.8256 8 1683 -613.62 -61.48488 3 1258 -682.6416 160.05744 7 1418 -357.2328 23.397888
-7.57491585272 7.19125605029 11.7169858659
98 49 42
2 8 3182 -485.2848 -538.8528 7 3582 -242.244 -590.124
-1.95048640883 5.18556432629 14.3074192957
186 187 181
2 8 197 291.828 -171.234 3 1019 314.2032 -18.334296
-9.10530240462 1.01652224417 10.7327655521
178 151 156
2 24 3141 -984.7632 303.3048 7 2555 -943.1688 106.49928
-7.39280122815 4.19321801864 10.7006481727
112 113 107
2 24 4290 -350.4192 -181.91832 7 3613 -387.7824 -347.0304
-5.69024776029 3.48251927859 10.9918352553
193 194 189
2 24 4494 -70.3632 73.71264 7 3834 -111.71232 -157.5324
-3.51070733466 2.08097148514 12.3972779599
247 248 253
2 8 4332 -26.27064 60.9348 3 4376 -52.82232 307.4592
0.0180982087555 7.58441704251 15.8172305822
85 79 63
2 8 4617 561.624 -304.7496 3 4720 617.7552 -190.47072
-6.9350486485 0.710015759584 10.4537462077
10 17 27
2 24 1037 -576.7416 523.2216 7 924 -549.7392 224.59272
-4.07558359111 2.72161071465 11.9011994238
16 23 29
5 24 4952 178.56 369.444 17 4755 -657.6984 247.9536 8 5066 -124.74144 -67.872 3 5081 -149.60904 167.03112 7 5070 167.0304 109.58976
-2.09705763182 5.15540954982 13.9742803852
150 142 139
2 8 3106 265.608 -194.69784 3 2472 288.5952 -37.28328
-0.607254432898 6.05118944941 15.8927857353
161 154 144
2 8 3942 488.4792 -147.29784 3 4611 518.6064 -16.300224
-3.86265445224 2.83482044923 11.9824877488
95 95 87
3 8 4339 -83.36736 -78.42504 3 4671 -103.60464 150.93288 7 4425 206.16432 105.11352
-5.68720340954 2.60902263567 10.9843853699
0 0 5
4 24 3139 -133.07184 237.38904 8 2812 -431.6184 -125.49264 3 2815 -478.6416 88.23912 7 3045 -152.3952 -19.93848
-5.22846811069 1.11722419276 15.439860981
148 147 153
2 24 4418 -128.09592 668.196 7 4215 -82.53528 561.1272
-8.80735294789 6.57499686851 10.6568467861
250 248 236
2 8 3455 -724.4568 -570.1608 3 3710 -757.4832 -542.1792
-0.76343235593 10.3389209087 16.2142690403
248 247 245
3 8 3514 463.2264 -490.2288 3 4058 541.6992 -446.976 7 5119 680.4288 -340.4616
-8.29263972542 7.05862520736 10.6776593549
250 245 226
2 8 2555 -638.796 -621.8448 3 2377 -665.2032 -598.68
-5.53013225386 6.60453039075 12.540461326
204 196 194
2 24 3419 127.26024 -278.892 7 3291 42.25824 -390.0744
-6.05577919381 2.45519986276 10.9326683895
43 42 48
2 8 786 -498.18 -107.86608 7 1171 -233.1972 -11.460744
-2.56398057055 6.26949189044 13.7164291694
9 6 0
3 8 3635 204.19704 -329.6496 3 4485 240.5184 -201.52848 7 4473 466.3392 -170.47032
0.353358093297 7.23775111674 16.4330628792
193 194 186
2 8 4641 606.9384 -228.648 3 4675 652.6896 -111.03504
-6.40958971054 2.10456424284 10.6143486399
218 223 226
3 24 1986 -327.3576 266.0784 8 2425 -594.4152 -84.65112 7 2311 -332.448 -0.7565928
-6.57472591624 1.7956873702 10.589251323
2 6 9
2 24 1379 -389.7984 316.9704 7 1569 -387.4824 46.17
-5.69317488726 2.64863939621 10.9412386968
177 182 186
2 24 3454 -131.63376 227.0796 7 3371 -153.0612 -30.83976
-2.84782219954 5.71819162924 13.2921594444
181 181 173
4 24 4224 483.696 31.02168 8 3087 152.21784 -308.3184 3 3654 180.79728 -166.61016 7 4692 421.4592 -150.03216
-4.96278833172 7.42506283531 13.4069248445
144 140 137
2 8 601 -96.92592 -436.344 3 272 -61.64496 -378.6816
-5.64089872437 4.59362794458 11.5753324329
5 4 2
2 3 1893 -337.1808 -174.61224 7 1956 -45.91824 -250.908
-5.66744378098 4.62824281562 11.4691425525
128 127 122
2 24 1796 7.1952 -84.5292 7 2116 -53.31864 -267.096
-2.18383840733 4.85394872769 13.9846467087
105 102 95
2 8 3158 251.6232 -159.92112 3 3480 270.5184 2.463432
-4.97025558494 7.66817420208 13.536103887
126 123 118
2 8 3826 -89.5488 -446.5176 3 4120 -51.84528 -395.4312
-4.24624237195 9.29588616367 14.5424855837
14 4 2
2 24 3682 376.4496 -385.5624 7 2838 270.7104 -441.852
-3.79396861269 8.40627094659 14.4297559056
179 178 176
2 8 3565 83.16768 -447.5568 3 4259 135.6972 -399.9456
-6.54096628997 1.8319673813 10.5860758555
38 37 42
2 8 1808 -630.636 -45.8436 7 1776 -376.4376 38.796
-6.96168720062 0.548174715941 10.2573733714
189 190 194
2 8 256 -801.1704 128.0724 7 288 -576.3288 233.478
-8.15816861413 1.81328997201 10.3611926174
188 184 185
2 8 5227 -898.116 -52.62936 3 5197 -985.3224 135.1692
-3.16458405633 3.86075961985 12.9325716145
31 32 27
2 8 2075 74.28 -127.38696 3 2086 77.65272 62.26008
-7.91192418962 3.91435220675 10.4354306034
120 121 115
2 24 2786 -484.6656 -191.94072 7 2875 -503.9784 -356.328
-0.584447570072 6.00008450743 15.6357322882
189 180 171
3 8 4498 488.5152 -161.23488 3 4494 520.608 -29.89344 7 4784 694.5936 63.40128
-4.2785697863 2.96401475342 11.7248867708
38 44 44
2 24 4483 158.79528 304.0752 7 4041 134.60928 46.38912
-6.75829920131 2.036885559 10.3862896165
152 158 158
2 24 4836 -414.4824 240.7248 7 5054 -415.8216 -26.54664
-2.69226427876 3.68154289707 13.478790061
168 163 157
2 8 4449 157.79856 -62.30088 3 4737 159.64392 129.04584
-0.494105196234 7.35178466935 15.1671582675
151 134 116
2 8 2795 494.8248 -330.9 3 3055 551.1696 -211.67712
-2.89676420554 5.87554708901 13.3421426808
5 3 0
2 8 2462 147.78792 -319.6152 7 1675 418.5936 -164.11656
-4.48759908111 2.84501650561 11.462825121
245 245 247
2 8 3632 -208.13448 -123.2988 3 4283 -233.85936 103.20432
0.196387474792 5.95110752487 16.7185687358
255 252 247
2 8 5011 594.5832 -83.52024 7 5017 759.5592 152.77632
-2.61114784694 6.15967030632 13.6249073846
128 126 114
3 8 1749 195.16272 -326.7912 3 1311 230.39448 -194.7192 7 1347 459.42 -166.69944
-8.18937231141 3.52057524798 10.2715674385
204 205 200
2 24 4528 -581.6016 -156.00168 7 3239 -588.7968 -328.4352
-3.00411556076 4.1256745134 13.077229781
140 143 136
2 8 4689 107.29296 -149.54184 7 5061 372.6408 37.13664
-4.11164070881 2.78044904311 11.8093137642
186 191 195
4 24 4946 177.192 349.2312 8 4984 -131.3868 -85.70088 3 4932 -157.90896 147.81672 7 5062 161.57352 90.57912
-5.97500073146 2.72339807118 10.7033181852
39 47 49
4 24 1156 -184.79184 177.75144 8 2201 -490.5288 -166.99392 3 1820 -544.1856 42.5496 7 1529 -208.4712 -79.48416
-3.29313796955 4.19463626453 12.6623722697
61 62 56
2 8 1931 51.99408 -190.7916 3 1571 58.30992 -6.686712
-7.46240741266 4.08206305508 10.6492160477
19 20 15
2 24 4641 -374.3232 -172.15488 7 3519 -407.8992 -339.9048
-1.36554052439 7.18100169205 14.5600484303
229 225 213
2 8 402 377.8536 -356.868 7 119 627.9768 -172.99176
-0.269486214795 5.99674050281 16.3703207454
215 213 214
3 17 4252 81.36264 -82.77672 8 4520 533.8344 -109.4988 3 4600 560.4432 13.295472
-3.73842323088 2.99350165014 12.1982069089
134 71 62
2 24 1086 247.2552 355.008 7 1189 233.4684 103.35888
0.137040182371 6.52073146973 17.3736630757
181 178 169
2 8 4684 585.5256 -93.06456 3 4825 610.8168 16.9566
-0.350391450055 5.55674822313 16.1428079987
243 244 239
2 8 4325 524.7912 -81.64632 7 4278 703.6464 149.66184
-8.39715979783 5.90678120934 10.6275429295
203 126 118
2 24 4527 -407.9664 -517.7496 7 3961 -457.68 -602.0808
-3.35867337776 3.88997968676 12.8214123362
167 166 161
3 8 3689 44.7168 -139.962 3 4709 41.59128 44.81832 7 4401 314.2488 40.002
-7.90295154397 4.05797927905 10.6105274697
181 180 175
2 8 1966 -718.6632 -321.1728 3 1386 -777.0192 -202.86504
-0.441667439646 5.9196965662 16.6426003213
56 59 52
2 8 5171 514.7856 -81.36408 3 5093 535.728 41.1
-3.59402945496 5.3908286748 12.8219995794
7 3 0
2 3 1473 51.08232 -164.22144 7 2146 309.6768 -173.44488
-3.23467218304 5.33998682357 12.9210816486
7 4 0
2 8 3447 83.72688 -296.7096 3 4584 105.07272 -148.11504
-4.2785697863 2.96401475342 11.7248867708
38 44 44
2 24 502 158.79528 304.0752 7 910 134.60928 46.38912
-7.87526486976 3.82896359062 10.4962444486
204 205 199
3 24 4588 -486.2664 -165.33408 8 2815 -732.0072 -309.912 7 3747 -503.0952 -337.0896
-7.17220694621 0.971031961697 10.228223193
208 212 213
2 24 4235 -616.7112 434.4384 7 4320 -590.7072 138.81672
-5.53485550959 4.99059905369 11.6839868758
140 139 135
2 24 1201 50.36472 -117.19992 7 1937 -15.284904 -287.6352
-0.883961697911 4.88461418965 15.5874914232
164 155 150
2 8 4912 452.8056 -48.76512 7 4777 641.8344 182.15712
-6.53609197937 1.91007294358 10.5572010877
57 62 66
2 24 1526 -373.0824 293.9328 7 1628 -372.6264 23.554992
-0.413149488945 10.3776607188 16.5533810383
230 219 213
2 8 2447 500.844 -473.2224 3 2647 584.3736 -427.1496
-4.04969264995 5.75764583084 12.7569917602
8 0 0
2 3 3111 -7.615728 -221.9256 7 2697 247.6176 -236.65272
-1.06544828892 7.18089155849 14.7593574015
50 48 36
2 8 728 418.2792 -342.8472 3 349 472.2144 -224.78064
-6.37990652663 2.08940769652 10.6934834777
18 17 25
2 8 1967 -583.7664 -74.97672 7 1746 -324.2256 11.775336
0.345978412917 7.9217583646 16.0888075816
53 49 37
2 8 632 601.404 -317.0256 3 375 660.6576 -207.32088
-3.32143315087 5.72037531682 12.9536906051
220 202 182
2 8 1983 76.93584 -333.0024 3 1025 103.08384 -196.96032
-5.0388377906 4.82940724968 11.7661511619
35 32 27
2 24 294 126.6348 -57.64944 7 1460 62.96424 -244.08
-6.17429355853 2.34742352564 10.6976626003
223 228 232
2 24 2058 -256.6416 238.4676 7 2440 -268.7232 -23.964408
1.22945603147 7.19243737635 18.5519349036
150 147 142
2 8 1802 709.7496 -85.00416 3 1864 735.024 14.233224
-0.757146925576 4.99761481532 17.2021750437
195 192 187
2 8 4511 480.0312 50.6628 3 4268 484.8792 170.3592
-4.23636224805 9.40683761641 14.7215794801
14 4 2
3 24 1631 376.4496 -385.5624 3 4265 105.72096 -472.7784 7 2344 270.7104 -441.852
-7.89363502757 6.80447868115 11.1762621476
241 225 225
2 3 2963 -583.7256 -513.9192 7 3222 -319.8072 -623.82
-7.46673466324 0.40945925073 10.455112941
207 212 215
2 24 2298 -726.2208 550.7088 7 882 -689.2488 263.04
-6.96460835878 1.78236217784 10.2665409652
192 196 197
2 24 4671 -487.7112 271.8792 7 4052 -481.068 -2.528016
-3.31436607203 1.93961768478 12.5535105231
247 249 248
2 3 5174 -20.48352 340.9632 7 5171 275.4144 323.8512
-3.23675484245 5.37385840111 13.0391187429
144 141 134
2 8 3536 87.88872 -290.9304 7 4177 362.088 -138.4536
-4.22332697513 2.85906949161 11.7353924565
211 216 219
4 24 4894 162.61368 324.3192 8 4731 -150.98232 -101.37504 3 4922 -176.83632 127.84248 7 5063 143.40648 66.08208
-3.29930936184 3.25636636226 12.5863895268
104 95 88
2 8 3399 35.27448 -83.32056 7 3693 311.6304 112.18128
-7.2126754357 1.93428566311 10.1877286814
16 20 23
2 24 2629 -531.3312 215.66544 7 2870 -523.4784 -48.5016
-7.02250052086 1.35799961919 10.2501374709
232 241 240
2 24 2183 -542.3304 359.532 7 2249 -526.6416 72.25992
-7.48371562812 2.19276878804 10.2139085399
16 16 16
2 8 1713 -791.4576 -126.92976 7 1754 -558.5976 -101.6112
-8.07457582268 0.458891981643 10.5098096672
242 248 238
2 24 553 -849.324 492.6288 7 753 -809.4936 232.07688
-0.00816059813045 6.76718278726 15.7134834394
251 247 244
2 8 802 561.528 -236.2284 7 735 773.0472 -8.922312
-2.48761050766 4.6367493676 13.539121612
233 228 225
2 8 893 198.5304 -172.5156 7 369 456.1416 20.853936
0.0803173716888 6.71931610555 16.5901610568
251 252 247
2 8 4568 575.9352 -166.2084 3 4549 611.7192 -46.92288
-4.43188879358 2.7938712105 11.5306507867
28 29 34
2 8 3515 -195.18192 -110.20344 3 3839 -224.57352 117.17736
-8.63646949322 1.08308926882 10.443734928
170 171 176
2 24 902 -908.2464 307.164 7 528 -866.52 81.81576
-5.79793260362 2.73217141903 10.8564725616
239 241 240
2 8 996 -451.6008 -154.94112 3 634 -501.324 55.67808
-0.461153125301 7.37461872886 15.0821061651
10 2 0
2 24 45 793.8096 24.09432 7 61 739.4736 -132.74976
-6.03601987822 5.98063805141 12.3858571512
60 55 49
3 24 4012 12.922368 -224.17752 3 3364 -290.5512 -300.0216 7 3506 -58.44888 -353.88
-8.05922646121 0.217975369828 10.7511160028
7 8 13
2 24 2431 -851.7048 557.6568 7 1811 -811.4112 304.3176
-4.74533914191 3.06253259619 11.4183111352
175 178 183
2 24 1168 81.50784 239.42976 7 1196 50.69808 -15.352224
1.62320575975 8.48369588196 17.380041428
154 152 137
2 8 4085 749.5224 -280.7472 3 4357 807.324 -177.06072
-4.91680807956 7.48779742854 13.4667164548
246 243 238
2 8 4606 -89.26008 -437.244 3 4949 -51.33696 -380.64
-6.84921392431 6.37380002654 11.8199328891
79 31 29
2 8 659 -417.768 -461.388 3 203 -420.5136 -398.9856
-6.38668326526 2.29536727747 10.5871867999
221 226 230
2 24 437 -305.916 227.08344 7 495 -318.816 -34.94832
-3.06695582162 5.67590069985 13.0984594431
36 33 18
2 8 2149 115.09344 -317.88 3 1653 143.13096 -177.67824
-0.579477161394 9.73856808025 15.9584545051
212 205 199
3 17 1110 25.25352 -511.992 8 2523 485.0016 -459.1296 3 2556 562.1352 -408.924
-5.91472905896 3.22130826733 10.9059006575
49 46 41
2 8 2989 -449.2344 -214.14216 7 2608 -165.7536 -133.89696
-4.64592588897 2.93948153731 11.4691459065
120 128 131
2 24 3547 91.5816 271.6248 7 3424 65.40168 12.70824
-0.741323110728 5.68401646346 15.8632929163
21 18 11
2 8 5132 471.54 -111.49968 3 5056 496.644 24.2868
-2.34387618964 4.92954390034 14.0204047967
51 48 43
2 17 4137 -291.8088 4.685784 8 3762 232.5708 -161.38752
-4.21683374553 1.20851947636 12.9091938245
6 4 18
2 24 4797 44.48064 675.0552 7 4960 81.98712 439.6632
-7.87417254019 0.310483364588 10.6080589396
222 223 225
2 24 2544 -814.4904 546.2496 7 1173 -773.8944 280.2456
-6.53413394274 1.84761864463 10.6307416449
15 14 22
2 8 825 -624.6696 -44.29968 7 578 -372.6312 41.53248
-2.44877205379 3.68557674735 14.1706634712
190 185 181
3 17 3602 -287.1672 166.0416 8 5001 208.9272 -13.176936 3 4804 208.29576 169.14024
-3.2049575213 5.46342081119 13.0222890983
174 169 165
4 24 4936 427.3344 31.90512 8 4683 93.16392 -302.6328 3 4928 115.89696 -155.796 7 5034 367.3176 -151.8264
1.4128202403 7.03147998758 21.2409925781
147 142 138
2 8 2458 721.7496 80.80128 3 2567 720.2064 142.66488
-5.34339913091 3.82768864453 11.2587695465
251 244 236
2 8 3026 -320.8872 -260.2992 3 3351 -344.196 -83.56704
-3.55388332846 3.98718828515 12.5723423435
228 230 225
2 8 4577 8.327016 -173.20584 7 4946 286.0776 -4.409616
-6.6101911198 1.77459288726 10.5060397146
178 183 186
3 24 400 -400.3008 312.8064 8 211 -653.652 -44.72904 7 220 -398.1672 39.63456
-7.6993763717 7.77156610908 11.7268711303
239 235 232
2 24 51 -146.1228 -610.0944 7 45 -238.3884 -651.7488
-3.34198297064 5.80012121787 12.9680511543
148 50 41
2 8 3228 75.30336 -339.708 3 3659 102.64128 -206.43744
0.353358093297 7.23775111674 16.4330628792
193 194 186
2 8 617 606.9384 -228.648 3 569 652.6896 -111.03504
-3.32075346352 1.98762418165 12.5976172225
245 245 247
2 8 741 11.289552 90.16512 3 1095 -16.81188 337.4088
-2.05957072694 5.87289040811 13.9884711954
87 77 67
2 8 4433 274.8024 -271.3608 7 4908 529.0896 -86.30304
3.17938149392 9.12942765138 19.8984380522
181 169 153
2 8 1476 900.9816 -177.792 3 1238 939.4992 -92.90424
-8.35358132198 0.263484652408 10.8097840911
227 231 230
2 24 1431 -904.3128 526.3272 7 1227 -862.5192 287.8776
-1.75556419085 5.44908456425 14.3687758596
35 26 19
2 8 4318 320.4456 -196.07472 3 4731 347.3856 -46.23072
-8.72075608424 7.19627993388 10.7259777504
230 226 215
2 24 492 -368.0016 -702.5904 7 1857 -434.1984 -739.8072
-7.06641942983 0.975054087951 10.1798000888
73 77 76
3 24 1233 -592.3656 435.768 3 2054 -894.2496 305.424 7 500 -570.0072 140.15304
0.924640681717 6.67488491506 19.3948461512
0 0 0
2 8 4782 675.288 14.29308 3 4907 687.2928 101.034
1.57087616662 7.89603171301 17.6396506707
171 173 162
2 8 5157 748.2216 -210.95424 3 5136 793.56 -101.94792
-0.433458624916 5.83315001358 16.2089333733
151 148 143
2 17 4753 54.56304 -70.27032 8 4474 511.0224 -107.24712
-5.86538527498 2.65909151391 10.8248626781
104 109 112
2 24 2682 -166.73856 206.028 7 2811 -187.96272 -51.3612
-8.85049681603 0.930064400788 10.6505789173
150 149 154
2 24 3968 -949.728 335.676 7 4448 -908.6904 123.72768
-5.6351312636 2.16484096687 11.016825697
18 17 23
2 8 8 -439.7664 -62.0508 3 7 -488.5152 168.1548
