# Bundle file v0.3
26 327
0 0 0
0 0 0
0 0 0
0 0 0
0 0 0
0 0 0
0 0 0
0 0 0
0 0 0
0 0 0
2069.86728612 -0.00783928443488 -0.00227169335246
-0.989862130287 0.0227999412714 -0.140189606252
-0.139644371075 0.0239746587304 0.989911443194
0.0259309207361 0.999452539352 -0.0205477233044
0.834186944357 -1.73308514241 0.818804763688
0 0 0
0 0 0
0 0 0
0 0 0
0 0 0
0 0 0
0 0 0
0 0 0
0 0 0
0 0 0
2040.47116691 -0.000329017257323 -0.000245767450962
-0.273240403115 -0.740137590752 0.614439605544
0.666212706269 0.315159033846 0.675896007823
-0.693902235269 0.59402957009 0.406974885894
-2.00091538948 -1.14631718937 -0.127189483962
0 0 0
0 0 0
0 0 0
0 0 0
0 0 0
0 0 0
0 0 0
0 0 0
0 0 0
0 0 0
0 0 0
0 0 0
0 0 0
0 0 0
0 0 0
0 0 0
0 0 0
0 0 0
0 0 0
0 0 0
0 0 0
0 0 0
0 0 0
0 0 0
0 0 0
2040.18617753 0.000678094271388 0.000359517902186
-0.207912180637 -0.789859754866 0.576969750322
0.830409740812 0.169181521446 0.530845811103
-0.516906362417 0.589490610989 0.620732335268
-2.01104146459 -1.17029999698 -0.563792039302
0 0 0
0 0 0
0 0 0
0 0 0
0 0 0
0 0 0
0 0 0
0 0 0
0 0 0
0 0 0
2039.92266498 0.00017519502848 6.27581625385e-05
0.582473401891 0.675037252485 -0.45282385521
-0.805917092656 0.406991461121 -0.429948357758
-0.105935715669 0.615371967457 0.781085760857
1.40922985121 1.76298311629 -1.14040682449
0 0 0
0 0 0
0 0 0
0 0 0
0 0 0
2020.23748673 0.00517987617979 0.00106304723867
-0.980776135611 -0.0526860294529 -0.187889207026
-0.190122868974 0.0411473836297 0.98089764375
-0.0439484528675 0.997763035555 -0.0503731909812
0.853905159532 -1.62357611376 0.986778625948
0 0 0
0 0 0
0 0 0
0 0 0
0 0 0
0 0 0
0 0 0
0 0 0
0 0 0
0 0 0
0 0 0
0 0 0
0 0 0
0 0 0
0 0 0
0 0 0
0 0 0
0 0 0
0 0 0
0 0 0
0 0 0
0 0 0
0 0 0
0 0 0
0 0 0
0 0 0
0 0 0
0 0 0
0 0 0
0 0 0
2033.40515484 0.00106130800288 0.000312953108014
-0.943480463562 -0.190849614237 0.270963170233
0.264684333671 0.0581567529451 0.962579864529
-0.199466333966 0.979895002963 -0.00435485725214
-0.277297326767 -1.864870685 0.757296446839
0 0 0
0 0 0
0 0 0
0 0 0
0 0 0
0 0 0
0 0 0
0 0 0
0 0 0
0 0 0
0.665847225457 -1.12307377214 1.77128711968
66 66 58
2 14 1118 931.8192 30.29976 11 4676 -1042.896 576.4128
0.666556831593 -1.11265231537 1.76823064025
10 2 0
2 2 3056 -654.36 -676.3368 23 3279 -922.8312 -221.67576
0.630511427622 -1.13924262542 1.76896435984
10 1 0
3 2 1986 -391.2528 -591.6216 23 2474 -725.0616 -254.9376 16 1165 -277.0824 -417.6024
0.658767786811 -1.21045006761 1.82516654598
29 34 30
3 2 5068 -513.6576 -241.5576 23 4893 -618.528 -16.042968 16 5006 -420.0048 -45.79512
0.609767065713 -1.16204615848 1.784937298
12 14 9
3 2 357 -262.5192 -451.2744 23 2246 -585.3456 -210.3312 5 4179 -836.0232 397.8552
0.630442242208 -1.13861550801 1.7699400243
51 46 42
3 2 508 -391.7064 -586.3392 23 2451 -725.1744 -251.1552 16 344 -279.1992 -411.2736
0.565090207186 -1.19670550013 1.68569100512
30 13 5
2 23 3172 -477.0888 -613.6896 5 83 -877.848 -31.51968
0.622805644569 -1.14439932465 1.74670745031
188 179 174
2 2 3769 -319.6944 -708.0 23 3717 -711.5184 -352.6128
0.667011287681 -1.11599773586 1.76681223956
195 182 176
3 2 3470 -644.6616 -675.3672 23 3329 -917.0544 -224.4324 16 3756 -609.1392 -525.4776
0.658481823955 -1.26019911658 1.85477252006
31 23 20
2 2 761 -477.276 -83.89776 23 872 -512.7744 67.82352
0.607883115835 -1.29083030542 1.91756887783
248 249 244
2 2 271 -277.1592 211.662 23 1074 -271.0728 203.94312
0.645606674002 -1.13265845202 1.77053924818
220 222 219
4 2 1186 -489.3744 -605.9832 23 2937 -792.9624 -231.07272 16 851 -405.2112 -436.056 5 4992 -971.1864 477.7872
0.602001095995 -1.16267785287 1.77875856054
41 32 33
2 2 686 -213.53568 -478.2072 23 2216 -564.0888 -243.3792
0.57181436729 -1.18167344462 1.80341403197
157 150 142
2 2 1263 -62.30064 -302.1816 23 2635 -399.1704 -179.56464
0.595951801152 -1.18247755877 1.81315233077
176 174 177
2 2 1580 -197.98728 -268.9944 23 1011 -471.6288 -116.0868
0.573932610302 -1.19117220935 1.83102068231
10 6 3
2 2 3661 -93.13368 -153.97344 23 2196 -363.9384 -74.60616
0.678896323871 -1.11793924246 1.77435843995
70 65 46
2 11 4707 -1060.512 631.8312 14 1313 977.7648 -8.115288
0.670918438213 -1.23083521723 1.8358826246
208 210 209
2 2 513 -552.7032 -186.87552 23 1025 -612.5928 29.14608
0.553189089643 -1.19005836822 1.79922115238
125 113 99
3 2 2672 42.98688 -304.0056 23 3338 -326.6736 -215.52528 16 1910 226.73832 -82.41336
0.645580168287 -1.20065497143 1.81510207122
23 25 20
2 2 382 -446.1072 -285.4752 23 202 -604.8456 -59.36016
0.602496236414 -1.16230554285 1.77970833531
47 38 41
3 2 336 -217.42368 -474.048 23 2253 -564.8952 -239.21088 5 4524 -844.8024 366.0576
0.606527715375 -1.16880437802 1.79813283969
157 155 142
2 11 4209 -799.0536 408.42 5 3985 -787.1688 419.004
0.5376809335 -1.21131477627 1.86910937814
115 101 88
2 2 5051 61.49976 63.86424 23 4237 -174.9996 24.36888
0.550973070886 -1.1888143836 1.79775032479
40 30 21
2 2 3030 51.04896 -311.0424 23 1237 -321.7296 -223.2864
0.668755605924 -1.22451460861 1.83551116328
244 246 245
3 2 5032 -554.2632 -192.43848 23 4674 -615.6 25.70232 16 4958 -463.8816 -0.3338616
0.596737493787 -1.16987020643 1.78415280605
67 66 61
2 2 1738 -185.28528 -436.4664 23 400 -526.4856 -226.31112
0.622291356031 -1.17726457853 1.8091383052
12 8 5
3 14 148 621.3576 17.24952 11 4964 -745.0584 480.6648 5 4669 -735.5952 469.6848
0.669363141838 -1.11641056713 1.77153856132
43 35 33
3 2 3105 -662.9928 -647.1432 23 4266 -918.4248 -201.40392 16 3169 -633.888 -489.4152
0.640134062277 -1.16140069662 1.69810984778
68 33 11
2 2 1941 -366.9144 -970.3848 23 2354 -786.8688 -507.0048
0.565090207186 -1.19670550013 1.68569100512
30 13 5
2 23 2429 -477.0888 -613.6896 5 5161 -877.848 -31.51968
0.553664164359 -1.20116270684 1.84392254525
6 5 3
2 2 5285 0.9691152 -69.74568 23 5041 -267.7272 -51.68352
0.652412589327 -1.1201960064 1.76926466733
34 25 20
2 2 2761 -550.0512 -641.7408 23 4291 -849.7944 -232.87728
0.686284864174 -1.12587937075 1.78022919764
207 208 200
2 23 4349 -943.3968 -145.29432 16 5063 -744.048 -427.1832
0.547380853254 -1.2094040194 1.83834629952
233 238 232
3 2 4848 46.98936 -86.78952 23 3337 -244.908 -73.47408 16 4809 208.59888 148.97256
0.617354620881 -1.14846464885 1.77504793817
26 22 19
2 2 994 -307.4256 -530.4888 23 2327 -650.664 -243.4944
0.612351587683 -1.17192771834 1.79680669819
148 148 146
2 2 753 -279.8952 -377.8584 23 637 -563.6112 -159.91104
0.609742027143 -1.17528309115 1.80430808599
23 22 18
3 2 4020 -273.1608 -331.6104 23 4808 -540.72 -137.7096 16 3495 -138.8268 -118.40904
0.605945996057 -1.16440481988 1.78297366586
174 174 172
2 2 242 -238.00488 -456.7848 23 2515 -569.8416 -220.87968
0.653288671785 -1.18598635887 1.82339733554
207 207 197
2 11 119 -688.8072 607.0896 14 5000 646.6368 -119.99232
0.649634870133 -1.20159063092 1.81879061513
25 29 28
3 2 4730 -471.4704 -271.7112 23 4838 -611.5728 -43.37328 16 4599 -373.416 -73.58736
0.663894485137 -1.26118081807 1.85520838287
248 248 250
3 2 3808 -504.4512 -87.0372 23 2184 -526.4808 73.78584 16 3751 -403.8312 94.13472
0.635091291238 -1.13945270906 1.77220743796
121 123 118
2 23 2605 -736.6344 -235.81944 5 3601 -943.7184 450.5616
0.629223913298 -1.18621311182 1.8072077854
245 246 241
2 2 318 -368.2704 -324.1128 23 263 -584.448 -102.42912
0.632157315445 -1.19089286402 1.8106136497
31 32 27
2 2 4351 -382.3776 -304.7616 23 4805 -582.5976 -87.97992
0.605665569058 -1.15905474029 1.77735877467
16 8 6
2 2 4431 -235.00488 -493.2816 23 2993 -585.5136 -245.7744
0.573932610302 -1.19117220935 1.83102068231
10 6 3
2 2 3439 -93.13368 -153.97344 23 4247 -363.9384 -74.60616
0.593465119622 -1.16827225939 1.77264243597
162 158 159
2 2 120 -159.09432 -497.604 23 4919 -530.9352 -276.7992
0.651027861919 -1.20502485304 1.81816460005
47 47 45
2 23 209 -611.5728 -43.37328 2 233 -471.4704 -271.7112
0.622291356031 -1.17726457853 1.8091383052
12 8 5
3 14 4970 621.3576 17.24952 5 411 -735.5952 469.6848 11 209 -745.0584 480.6648
0.648101148117 -1.19104517024 1.82688280043
200 195 192
3 14 4887 616.3752 -116.81784 11 192 -659.6688 594.7704 5 512 -655.656 546.7416
0.574060324972 -1.18583617615 1.80992236751
115 102 96
2 11 1160 -698.988 311.3808 5 1289 -695.2464 354.6744
0.687571490391 -1.12097620606 1.78385528156
133 132 128
3 2 2376 -781.2672 -579.8136 23 3203 -954.936 -128.69016 16 2468 -781.0392 -409.02
0.645580168287 -1.20065497143 1.81510207122
23 25 20
2 2 4767 -446.1072 -285.4752 23 4869 -604.8456 -59.36016
0.608060811996 -1.17185121744 1.800251262
171 164 145
2 11 444 -782.9832 415.9968 14 4465 616.62 86.13048
0.668439204169 -1.11655144024 1.75869824365
193 176 166
2 11 5092 -1087.5192 555.5496 5 4970 -1046.8104 514.1016
0.608819477568 -1.30553183025 1.92124498906
49 42 34
2 23 1767 -258.492 224.616 16 936 -159.6516 417.7464
0.594025775389 -1.17038458053 1.78496782252
217 212 208
3 2 1763 -172.37208 -430.656 23 902 -514.5048 -228.25632 16 1416 -16.048584 -227.8236
0.438989178049 -1.23913684653 1.99971165966
120 113 97
2 2 509 417.9264 717.2232 23 298 319.4544 379.7808
0.641485220459 -1.13796532105 1.77370123864
203 202 197
2 11 5093 -974.82 488.8392 5 4803 -945.9528 469.8432
0.552042311363 -1.19109995895 1.79767251644
40 30 21
4 2 568 51.04896 -311.0424 23 1525 -321.7296 -223.2864 16 512 235.08648 -91.55352 5 2662 -694.2048 259.0992
0.528382370313 -1.27699622767 1.70624562094
56 27 9
2 2 464 185.56176 -646.008 23 819 -231.24264 -519.24
0.640156567677 -1.13752287807 1.77414135238
243 249 247
3 2 1403 -454.5624 -571.7016 23 3319 -757.5384 -222.62208 16 834 -359.3088 -394.3032
0.63453370091 -1.14143519935 1.77323393075
207 212 208
3 2 135 -415.0464 -567.9 23 2815 -728.6664 -231.38688 16 104 -310.7952 -388.0704
0.554070793739 -1.20380191756 1.85766334823
146 148 147
2 2 4625 -10.981944 -1.54248 23 4752 -251.7648 -0.9419544
0.600440829287 -1.17790531058 1.80429769678
251 251 253
2 2 3526 -217.58928 -322.0824 23 3734 -504.2544 -145.54824
0.524032428734 -1.20990709615 1.86400430381
3 1 2
2 2 1076 132.04368 50.89368 23 104 -134.53872 -10.49304
0.557980255878 -1.1896376405 1.78089799373
18 5 0
3 2 4442 30.42216 -405.3792 23 3816 -362.6664 -279.6264 16 4602 219.41568 -202.0752
0.540572608259 -1.20519552023 1.84208326201
206 208 205
4 2 5230 69.45864 -70.47312 23 4845 -220.06248 -71.80608 11 741 -541.1088 264.6288 5 1932 -542.0064 342.696
0.561929563637 -1.18408140992 1.78937443032
21 10 4
3 2 798 3.223512 -368.0616 23 1980 -375.552 -244.6728 16 465 186.33096 -154.98048
0.60211678174 -1.16029086222 1.7734530539
184 176 174
3 2 5002 -211.34256 -511.0728 23 4202 -574.5288 -264.5064 5 2112 -864.0168 349.4448
0.589259484719 -1.16913143326 1.76482559772
62 60 61
2 2 849 -129.36 -537.3528 23 2308 -522.636 -310.0392
0.670502879313 -1.2321621364 1.83754246694
36 37 39
2 2 4604 -550.4832 -177.49512 23 4075 -607.7256 32.7612
0.621545713001 -1.14617278445 1.74970812433
101 87 76
2 2 836 -313.2864 -686.04 23 543 -699.5784 -341.04
0.662900600125 -1.26083343678 1.85784047886
29 27 30
3 2 3428 -502.6128 -73.482 23 1674 -522.2496 80.6676 16 3384 -401.1312 108.00168
0.585497100629 -1.17006437622 1.76636153388
157 150 144
3 23 337 -506.2248 -310.0608 16 95 63.69912 -343.164 5 1731 -839.2176 274.9584
0.595155912801 -1.16939125756 1.78306121745
88 80 78
4 2 4747 -176.58912 -443.688 23 2951 -523.7376 -233.65608 16 4731 -21.592152 -242.076 5 1401 -810.8496 347.3088
0.602796019178 -1.1648862096 1.78636548811
21 23 20
3 2 631 -225.33648 -435.9264 23 279 -553.7016 -212.44464 16 519 -78.54216 -232.88784
0.586563357362 -1.17302690533 1.76754758593
25 24 22
2 2 3007 -115.86 -515.0688 23 1600 -503.508 -301.5936
0.670425504224 -1.11075572948 1.7695091694
13 5 3
2 2 3593 -684.9096 -675.0624 23 3533 -940.9488 -212.62656
0.558533512366 -1.18703540329 1.79189537135
14 7 1
4 2 3747 20.588376 -349.9464 23 2591 -356.664 -238.38936 16 4004 203.68224 -135.14352 5 1743 -722.5272 263.1336
0.603139673029 -1.16373614621 1.78498794643
37 39 36
3 2 4303 -226.63104 -444.9456 23 2724 -558.5784 -217.92144 16 4552 -79.97664 -243.324
0.61191684023 -1.15075484748 1.77553576814
64 59 56
3 2 317 -277.5504 -521.5224 23 2050 -625.44 -248.5848 16 238 -137.95344 -330.1872
0.675660413682 -1.1111165304 1.77366382023
8 0 0
2 2 3461 -722.5104 -652.6584 23 3651 -953.7696 -187.84416
0.547982571778 -1.21468462728 1.87062294068
3 3 3
2 2 4942 8.281728 66.57024 23 190 -205.82328 34.21296
0.602270667757 -1.17409703417 1.80513744217
187 169 165
2 11 4207 -764.2632 408.5928 14 1212 592.6632 93.52152
0.620561045536 -1.14988546339 1.77552171623
224 223 218
4 23 2406 -659.4192 -237.07512 14 411 736.4352 122.44608 11 5188 -919.848 412.3872 5 4860 -898.92 412.704
0.612380110963 -1.15477506085 1.77843483388
182 184 171
2 11 3906 -893.04 388.116 14 2370 701.6184 135.20928
0.604053980435 -1.17165119293 1.79453597211
27 26 21
2 2 738 -232.75896 -383.5848 23 804 -537.7968 -178.18344
0.629128812677 -1.14393251333 1.77213673637
166 166 156
2 11 4639 -951.1704 437.6712 5 3646 -926.7096 429.9264
0.536718138487 -1.21075052637 1.86635340622
134 112 88
2 2 244 68.36616 50.9448 23 169 -175.00704 13.890816
0.589597108197 -1.17363661808 1.79780254297
152 141 137
3 2 4798 -156.97176 -351.9864 23 4769 -480.6456 -180.1536 16 4935 -0.0688476 -138.76728
0.645863183584 -1.15633477295 1.77091219783
144 137 121
2 11 5238 -893.7024 469.6392 14 63 770.6568 39.63408
0.441407112218 -1.24054926483 1.99228635891
131 116 97
2 2 1407 410.6928 679.5936 23 281 303.6024 354.9288
0.652406839735 -1.19921709857 1.81765008508
249 254 250
3 2 220 -487.6584 -281.5536 23 200 -625.6392 -44.3316 16 232 -392.1432 -83.21088
0.551244204492 -1.20510324833 1.8518283677
197 196 192
2 5 4017 -525.408 400.7904 11 4186 -525.588 332.0016
0.600029340219 -1.17013793981 1.79169002536
21 17 14
3 2 370 -211.65072 -398.784 23 252 -528.8424 -194.61024 16 345 -63.63576 -191.0172
0.590876087476 -1.17359248525 1.7834357032
161 147 138
2 2 4229 -151.44528 -431.2248 23 2680 -500.5104 -235.7916
0.470545083297 -1.22798575367 1.98255042097
1 2 6
2 2 4966 296.3832 633.8208 23 5009 186.42048 360.6504
0.63045877887 -1.13549245706 1.75602905696
195 185 176
2 23 3785 -747.276 -306.4008 16 4435 -266.0928 -521.5776
0.658532320985 -1.20543807871 1.81922442493
29 33 32
2 2 592 -509.8656 -271.2336 23 296 -633.8496 -32.94408
0.657191237607 -1.11832983391 1.76918940116
10 2 0
2 2 2842 -583.836 -650.0232 23 3195 -872.2944 -228.07896
0.623327466695 -1.18466235569 1.80690736345
144 144 142
2 2 84 -337.7664 -323.0712 23 98 -567.4344 -108.44448
0.661964306927 -1.12410823039 1.77167168753
175 178 171
2 11 5214 -1038.4224 564.54 5 5162 -999.3504 527.5272
0.621581424482 -1.14104987101 1.74873491407
47 37 28
2 23 4578 -711.5424 -342.5136 5 4818 -979.7064 348.4608
0.624856623019 -1.14595280282 1.77487977291
27 30 23
3 2 1587 -355.9776 -542.3064 23 2445 -682.8768 -236.32608 16 1032 -235.0428 -357.8232
0.588086905714 -1.17015670308 1.77136574406
194 191 182
2 23 193 -509.2248 -286.0512 5 216 -829.2888 296.7816
0.573276413138 -1.19068387972 1.82406967499
156 153 148
4 23 4881 -371.4888 -99.42648 14 217 454.8888 129.0864 11 5148 -651.708 342.084 5 4937 -647.3016 388.8624
0.568410438074 -1.19384883106 1.8292631189
44 44 36
4 2 3928 -59.11152 -154.70328 23 4696 -343.404 -84.68736 16 4082 96.82368 79.85664 5 5091 -623.556 389.7528
0.664339705363 -1.13350888024 1.78215565471
167 173 169
2 2 1605 -614.088 -552.192 23 4817 -843.3024 -160.59816
0.573264839125 -1.19557724923 1.83405752046
7 7 7
2 11 4126 -610.044 368.5512 5 3596 -609.4608 411.2688
0.654638378952 -1.12819360817 1.77357773312
235 238 231
3 2 1632 -553.872 -602.0616 23 2488 -832.5504 -209.13936 16 1112 -488.1336 -431.9136
0.591091908725 -1.17508594241 1.79976114334
151 141 131
2 11 4580 -767.2584 353.7048 5 3849 -758.5416 379.8624
0.527694703985 -1.21587107626 1.89698390121
110 110 118
2 2 5008 89.15304 206.00496 23 4825 -108.09384 111.3636
0.604385581716 -1.17014166823 1.7939673824
214 215 210
5 16 746 -95.3088 -181.22688 2 888 -237.56856 -389.9112 23 873 -542.1048 -180.62208 11 663 -799.9248 386.6688 5 989 -788.484 399.8136
0.626157372186 -1.18583680149 1.80739881204
29 30 25
2 2 826 -352.428 -321.0696 23 785 -574.6248 -104.83944
0.608136006279 -1.17350615144 1.80224571074
47 29 25
2 11 77 -771.8568 419.9688 5 149 -760.8432 426.3144
0.595218537007 -1.1841235551 1.81600798659
14 0 0
2 2 2219 -195.61632 -252.0912 23 781 -463.56 -106.66344
0.602766841903 -1.1705575689 1.79086345636
146 151 147
2 2 1893 -223.40256 -403.7256 23 918 -539.1744 -193.7352
0.59889843128 -1.16693384533 1.78066007007
31 27 28
2 2 4809 -195.79464 -460.236 23 3375 -543.2736 -238.52256
0.610832499552 -1.15893613959 1.78222637461
250 252 249
4 16 427 -134.12544 -275.64 23 2234 -599.7312 -222.20712 11 4816 -868.7904 388.5336 5 4084 -852.852 396.5736
0.637218687879 -1.18954403784 1.80899273349
35 38 31
2 2 496 -408.9024 -318.42 23 432 -603.2832 -87.92808
0.689934622549 -1.11541894417 1.78368735773
217 218 213
2 2 409 -815.2152 -594.6984 23 990 -980.6352 -126.25344
0.668082092895 -1.22300438436 1.83070990177
212 217 213
2 2 5111 -544.7184 -212.92896 23 4888 -621.948 11.786064
0.670918438213 -1.23083521723 1.8358826246
208 210 209
2 2 4769 -552.7032 -186.87552 23 3971 -612.5928 29.14608
0.630594962328 -1.1447154464 1.77568045784
157 162 158
3 2 922 -391.7976 -545.0304 23 2694 -704.8152 -227.11104 16 773 -279.5376 -360.2712
0.695507998559 -1.12151911184 1.78264427406
150 153 146
2 23 4972 -985.14 -124.97952 16 4973 -833.3136 -427.416
0.597738870987 -1.17575766032 1.80533993222
213 214 208
2 11 552 -755.9064 391.9224 14 4124 577.0704 104.88504
0.659597633352 -1.12513684671 1.77201206755
236 241 235
3 2 2627 -587.5152 -620.8896 23 4123 -859.86 -210.52848 16 2226 -532.3848 -456.0624
0.602517353206 -1.16469649184 1.78653565738
29 30 24
2 23 2094 -553.7016 -212.44464 16 278 -78.54216 -232.88784
0.646695841507 -1.21474252823 1.85658107914
89 90 92
2 23 596 -542.0712 77.26464 11 2692 -507.2856 651.936
0.610734479972 -1.17786108056 1.80383015987
23 22 18
2 2 121 -273.1608 -331.6104 23 149 -540.72 -137.7096
0.657313355759 -1.12643446414 1.77144372038
70 71 65
3 14 721 901.2408 51.40512 11 5105 -1028.4576 545.952 5 5029 -992.1888 514.5408
0.432377548253 -1.23470769373 1.9886583233
129 115 106
2 2 351 460.6848 677.4264 23 217 331.5888 340.0968
0.553137480537 -1.20300763089 1.84298041289
6 5 3
4 2 283 0.9691152 -69.74568 23 53 -267.7272 -51.68352 11 4 -555.024 309.2472 5 10 -555.156 376.1472
0.554598064157 -1.1859568093 1.7989884948
38 28 19
2 2 2854 31.80168 -309.3432 23 3093 -337.0584 -214.95792
0.620830932072 -1.17667195298 1.80774258332
145 151 139
2 11 4556 -750.0336 473.2296 14 717 621.78 25.65768
0.593322025085 -1.17109920714 1.78636285939
26 21 17
2 23 644 -510.0864 -223.58064 16 894 -13.624392 -218.6544
0.666558018799 -1.12026263201 1.76789628826
27 19 16
2 11 4919 -1058.8392 572.4024 14 803 945.9816 38.99448
0.616248248382 -1.17644870742 1.80772384606
58 46 34
2 11 4661 -750.1488 458.676 5 4291 -740.5392 454.4376
0.628101930331 -1.18355717176 1.80770535313
245 246 241
3 2 4342 -368.2704 -324.1128 23 4736 -584.448 -102.42912 16 3916 -252.3408 -118.062
0.622611920631 -1.14987240571 1.77630791302
197 193 181
2 11 3809 -918.3216 421.2528 5 3523 -897.696 419.0448
0.620131952265 -1.17524914601 1.80571596043
42 43 37
5 23 533 -571.4664 -118.03704 16 2423 -209.1768 -124.3164 2 2111 -331.872 -332.64 11 141 -759.9696 467.7144 14 4961 625.9584 35.73648
0.616618757544 -1.177477171 1.80259788181
109 111 108
3 2 62 -305.2152 -347.5008 23 62 -560.9784 -135.00936 16 69 -181.81392 -136.79952
0.568341964131 -1.19367385942 1.82236873862
134 135 137
3 2 5270 -54.08784 -191.4336 23 5029 -351.4416 -111.03936 16 5183 105.18096 40.35576
0.621289294241 -1.14803544178 1.77680359014
236 241 235
3 2 3281 -335.2344 -525.2928 23 1800 -663.4824 -231.92112 16 3440 -208.99272 -337.0248
0.565348668316 -1.19291595355 1.82288641995
127 129 128
4 2 2226 -38.45544 -186.33048 23 1259 -340.4424 -111.8412 16 2106 122.5032 46.2804 5 676 -639.8472 363.288
0.643346457007 -1.12690306426 1.76729338163
213 204 195
2 23 1424 -801.5304 -248.1504 16 1759 -394.5048 -465.7272
0.546549903674 -1.20131245814 1.82169358693
186 183 168
2 11 4969 -601.5936 228.27696 5 4592 -603.4776 300.084
0.629759841547 -1.15188403898 1.78149498484
56 61 54
2 2 553 -382.2096 -499.7712 23 266 -680.2008 -201.91344
0.61733119326 -1.15979159601 1.72741383835
9 0 0
2 2 2197 -261.4584 -786.1104 23 1398 -680.3592 -425.5128
0.645789612721 -1.20995411494 1.84252284371
219 225 225
2 11 3888 -552.6648 608.7216 14 446 532.7256 -167.00136
0.644899163623 -1.12831885695 1.76947205937
27 28 23
2 2 2236 -490.7808 -618.912 23 2947 -801.9432 -239.25144
0.573714678956 -1.19409586966 1.83197941638
166 160 160
3 14 622 436.0584 108.47232 11 4911 -621.7584 364.1136 5 4730 -618.0624 409.5096
0.650498543635 -1.18407367577 1.82178252547
13 13 5
3 14 4898 649.3992 -104.808 11 297 -698.208 596.2848 5 664 -690.504 548.6232
0.648101148117 -1.19104517024 1.82688280043
200 195 192
3 14 224 616.3752 -116.81784 11 4743 -659.6688 594.7704 5 3992 -655.656 546.7416
0.668787670926 -1.11670976598 1.76187361363
23 10 1
2 11 795 -1083.5688 566.0064 5 720 -1040.892 523.7136
0.542885627864 -1.20221369055 1.83313099255
139 119 95
2 23 23 -237.84528 -103.38072 11 2698 -573.1632 249.4272
0.611325058089 -1.1719064914 1.80144683618
191 193 182
2 11 157 -781.0944 430.1376 14 4920 622.4304 73.74312
0.6438851888 -1.18490525905 1.81914862681
48 37 33
2 11 244 -698.4936 567.6 14 4960 633.8136 -80.44464
0.603340942101 -1.17131300761 1.79626224406
12 11 6
3 2 241 -232.99992 -375.0072 23 183 -533.628 -172.74576 16 160 -90.25392 -164.75616
0.601864773386 -1.1607185423 1.78021511052
47 38 41
3 2 5160 -217.42368 -474.048 23 4589 -564.8952 -239.21088 16 5100 -66.8688 -276.156
0.557558710905 -1.19878847065 1.8340444918
248 247 245
2 2 1993 -10.94532 -124.87704 23 827 -293.8776 -80.82528
0.567037156531 -1.19638232827 1.83584686556
205 201 198
4 2 72 -65.91312 -117.8856 23 33 -328.5168 -60.93648 11 6 -603.3144 347.064 5 18 -603.0144 394.5672
0.669153795191 -1.11831896261 1.76979120749
17 6 4
2 11 4936 -1066.2192 588.6048 5 4892 -1023.24 545.6016
0.605544406194 -1.16922709681 1.79441676966
230 230 228
4 16 163 -105.04416 -182.01144 23 171 -548.64 -177.86976 11 68 -803.1336 393.2616 5 127 -791.0856 406.0296
0.566640444408 -1.19010516361 1.82525407561
201 203 202
2 2 2153 -50.98392 -179.06208 23 465 -345.9936 -103.2144
0.439802420372 -1.23867487365 1.99533221965
25 17 6
2 2 622 417.732 697.5768 23 342 312.0936 365.6112
0.584681057129 -1.17557597293 1.76116502355
20 11 4
2 2 118 -100.1976 -545.8224 23 328 -499.1232 -326.1696
0.674441008344 -1.11685156808 1.77000759747
22 17 13
3 14 606 974.028 15.000552 11 4984 -1071.7296 606.3096 5 4835 -1027.0632 559.0608
0.629638439605 -1.14256373495 1.77398985979
53 54 49
2 23 2537 -708.288 -233.71488 16 745 -274.6416 -375.5184
0.62174307137 -1.14592386383 1.76681632453
56 34 21
2 23 4666 -680.3712 -272.196 5 5223 -929.1552 397.1136
0.583541094381 -1.17500932348 1.7755784164
119 97 83
3 23 515 -479.1648 -274.6056 11 2090 -804.9288 262.6944 5 1668 -802.9776 289.2048
0.582972012095 -1.17663476984 1.76469330599
23 8 3
2 2 348 -93.41976 -524.2824 23 714 -487.4184 -313.9104
0.689895677899 -1.12142916948 1.78528220436
78 79 74
3 2 2862 -795.7872 -572.1888 23 4077 -960.0744 -119.56752 16 2931 -799.7976 -400.884
0.605523689348 -1.16127515332 1.78404221835
225 224 222
3 2 4814 -240.8688 -454.692 23 3602 -572.7216 -219.52632 16 4878 -96.45816 -254.3616
0.601065601808 -1.16880987614 1.78881393471
202 203 197
6 23 324 -539.2056 -204.83304 16 614 -67.66728 -211.59144 2 742 -215.6004 -417.5184 5 145 -802.716 378.6792 11 55 -813.6744 364.3392 14 4929 620.5248 132.21072
0.55711089425 -1.21316643135 1.85500201847
18 19 23
3 2 4049 -15.951672 -9.145752 23 3879 -258.4824 -3.660768 16 4114 134.00664 229.37472
0.481594452564 -1.23926994001 1.81223769433
9 5 4
2 2 367 349.5264 -166.42944 23 124 -15.350472 -237.82512
0.622417439717 -1.18234354292 1.80737795107
144 144 142
3 2 4595 -337.7664 -323.0712 23 4914 -567.4344 -108.44448 16 3863 -217.94976 -113.49384
0.246982008106 -1.23067177201 2.00453037951
114 108 96
2 23 4268 1074.7848 234.86856 5 4367 707.3016 -141.08856
0.59668640508 -1.17221166879 1.78820197442
31 30 25
2 2 2946 -187.25184 -411.7056 23 1596 -517.92 -210.65928
0.487581096304 -1.21591319642 1.88934146257
4 0 0
2 2 564 288.9048 195.02376 23 146 25.24248 46.4952
0.673426411172 -1.114550583 1.77260670586
37 29 27
3 2 3590 -693.552 -648.0648 23 4592 -936.4344 -191.83224 16 3799 -674.292 -489.9288
0.606749951373 -1.17166328486 1.79951705782
132 129 124
6 23 148 -541.8576 -156.468 5 161 -772.4904 419.3448 2 169 -254.4336 -359.6904 16 173 -117.85776 -147.19776 11 81 -784.5144 408.48 14 5010 613.9032 94.06176
0.668566109131 -1.22995273124 1.85990533567
121 116 112
2 11 2377 -447.084 697.932 14 4136 500.556 -300.3456
0.601217292235 -1.18571098689 1.81583926563
186 185 183
2 2 2286 -226.39344 -257.7264 23 743 -481.4976 -99.54792
0.63033387551 -1.17880367835 1.81192286195
167 160 152
2 11 4692 -734.82 512.8176 14 576 631.5864 -15.020688
0.539906951013 -1.21289627361 1.87871560084
118 119 123
2 2 4118 43.3896 109.31424 23 1654 -171.43008 60.0012
0.593040395699 -1.17702949889 1.80338401572
14 5 0
2 11 732 -752.4744 368.472 5 602 -744.5016 391.8456
0.608501866772 -1.1562893483 1.77677562331
55 47 44
5 16 195 -109.66344 -312.8616 2 287 -253.908 -505.0344 23 2124 -602.58 -245.5464 11 4699 -887.7696 369.9408 5 4637 -872.7432 381.6744
0.597552997246 -1.17122842269 1.80415936026
246 244 247
2 2 3708 -204.21576 -327.4416 23 4383 -504.936 -146.59824
0.633198697525 -1.18757708869 1.81151087468
153 152 148
2 23 4411 -591.636 -83.77488 16 3210 -285.6096 -102.01896
0.592328902052 -1.16568474121 1.76798743728
200 196 197
3 2 2221 -150.50328 -526.464 23 2966 -535.4592 -295.6056 5 4499 -853.536 302.4
0.648396374819 -1.12777179829 1.76988560773
192 194 189
3 2 2137 -515.2128 -619.116 23 4023 -816.6144 -232.42752 16 1970 -433.3536 -452.4696
0.436796652453 -1.23675125014 1.98636698207
127 115 101
2 2 5202 439.4832 661.8288 23 4840 313.6296 332.952
0.654035124185 -1.12612445092 1.77270357706
70 73 66
2 2 2070 -554.076 -611.3952 23 2659 -836.4432 -214.8144
0.664340725023 -1.21580064069 1.82825531086
44 49 45
3 2 286 -536.4936 -228.7296 23 464 -623.5992 0.5215464 16 251 -446.8728 -35.23344
0.575049799954 -1.18288048349 1.80724622501
197 190 184
2 2 3472 -82.38072 -283.1928 23 1991 -404.7768 -161.95584
0.590937859384 -1.17381566164 1.78358236547
115 97 77
2 11 783 -798.3696 308.424 5 1261 -793.0776 332.7648
0.605926941858 -1.1677691857 1.79380482433
226 225 221
3 2 4803 -247.2384 -393.8928 23 3578 -551.544 -180.39216 16 4845 -107.08152 -185.1588
0.641728806564 -1.17889173778 1.81426278166
202 202 190
2 11 104 -732.5976 554.7432 14 4986 653.4312 -55.9092
0.65145714069 -1.18963103896 1.82662901897
27 28 14
2 11 142 -666.0432 606.5112 14 5008 628.8864 -124.5288
0.632743766695 -1.18799489968 1.80913141141
18 21 14
2 2 4806 -386.8728 -315.012 23 3128 -591.1728 -92.43552
0.56407342716 -1.19555139295 1.82792068652
32 24 21
2 23 4460 -327.5448 -95.6604 5 4994 -619.176 369.612
0.622611920631 -1.14987240571 1.77630791302
197 193 181
2 11 3376 -918.3216 421.2528 5 3163 -897.696 419.0448
0.59357021242 -1.17038703593 1.7809119115
224 216 213
3 2 504 -165.63048 -451.2888 23 393 -516.9648 -243.0288 5 179 -811.2672 337.0152
0.697467722433 -1.3027271418 1.8702609757
210 207 202
2 2 2934 -609.8544 -37.9788 23 2906 -549.5448 128.02584
0.631339391601 -1.13639205819 1.75866181244
107 93 80
2 23 4248 -745.212 -295.5888 5 5204 -978.7872 408.4896
0.43311187537 -1.23577097086 1.98539684966
22 13 8
2 2 167 458.5992 659.8008 23 318 325.7544 329.0712
0.592225117324 -1.17603496594 1.80312063754
206 201 195
2 11 767 -757.5792 366.4248 14 3973 566.3376 125.54136
0.665959459869 -1.22274078687 1.83007128111
226 228 227
2 2 4691 -534.3768 -214.32936 23 4236 -616.5288 7.271112
0.608733061677 -1.16779972649 1.79563857105
18 19 13
3 14 4905 636.1752 98.0364 11 96 -808.428 409.068 5 143 -794.3688 418.0248
0.592869034552 -1.17312386303 1.79861884864
17 9 7
3 2 4516 -175.80312 -350.9472 23 4675 -491.8872 -174.40008 16 4773 -23.117928 -136.82736
0.628580359254 -1.14558222064 1.77354946082
20 25 19
2 2 1992 -374.9568 -553.02 23 2532 -698.6256 -237.0264
0.576154079758 -1.18671927582 1.81517852001
3 3 1
4 2 5281 -93.54312 -238.31064 23 5042 -394.7976 -130.34784 11 5247 -686.928 332.6952 16 5193 66.09936 -10.671624
0.561929563637 -1.18408140992 1.78937443032
21 10 4
3 2 4913 3.223512 -368.0616 23 3080 -375.552 -244.6728 16 4942 186.33096 -154.98048
0.651893597643 -1.12721981131 1.77056729856
45 48 41
3 2 2623 -536.1432 -618.9192 23 2870 -829.248 -225.366 16 2465 -464.4552 -453.3024
0.657197642208 -1.1187401272 1.77006733428
32 23 18
2 2 2619 -583.9272 -643.8912 23 4184 -870.06 -223.92744
0.661689854236 -1.12517117202 1.7732244978
108 109 103
2 23 2252 -865.6008 -201.45552 16 3713 -547.8768 -448.2768
0.643346457007 -1.12690306426 1.76729338163
213 204 195
2 23 3377 -801.5304 -248.1504 16 3629 -394.5048 -465.7272
0.63108531073 -1.13818772053 1.76085776119
58 46 34
2 2 2322 -386.7504 -642.4296 23 2758 -738.6216 -287.5368
0.651937881649 -1.1286151 1.76807984667
95 92 83
3 14 262 883.332 69.72312 11 5219 -1023.7656 515.712 5 5160 -989.8776 490.8912
0.661995174322 -1.11882389359 1.76899874952
13 5 2
3 2 2613 -609.8208 -652.6536 23 2941 -888.4728 -220.63512 16 2477 -563.9616 -494.5584
0.62220718786 -1.18437391773 1.81171876286
200 196 193
2 23 4773 -560.2008 -94.236 16 3969 -220.842 -87.56232
0.610828675113 -1.19682187509 1.82279877976
26 18 15
2 2 1424 -276.1992 -221.79 23 693 -489.4872 -67.22784
0.615688409262 -1.15346268885 1.777031672
212 211 206
2 2 793 -295.6296 -511.2768 23 2292 -632.1648 -235.85688
0.54374049364 -1.20179509994 1.82142230568
18 12 12
2 11 4995 -598.8096 216.3912 5 4715 -601.6776 291.732
0.666242498218 -1.22044512118 1.82750394373
44 49 45
2 2 4941 -536.4936 -228.7296 23 4645 -623.5992 0.5215464
0.632980439441 -1.14073888004 1.77213885361
146 151 145
3 2 541 -404.268 -572.784 23 2528 -727.3272 -238.08648 5 4878 -938.8632 443.6736
0.594326355222 -1.16164145607 1.75992981103
18 13 10
4 2 2232 -158.31624 -580.2144 23 1024 -559.3248 -327.2592 16 2161 11.261232 -405.9216 5 620 -884.196 287.6736
0.670192993008 -1.12411921126 1.78042040832
31 33 28
2 2 260 -666.4008 -581.6232 23 417 -890.5632 -163.69056
0.605029770467 -1.15741673331 1.77870911529
68 63 60
3 2 365 -236.36736 -488.8536 23 2235 -584.2344 -241.9152 16 274 -88.37904 -293.46
0.539245546648 -1.23600066961 1.68836347078
28 13 6
2 23 4851 -332.0256 -602.2944 5 58 -729.8424 -133.22784
0.603703566376 -1.16917017896 1.79246662374
32 31 26
5 23 518 -543.7248 -187.7124 16 590 -89.25984 -190.80648 2 928 -232.60824 -398.5128 5 410 -794.9016 396.0792 11 391 -806.1936 381.6576
0.588619678398 -1.16562861884 1.76382182285
142 138 137
3 2 229 -128.06088 -548.8296 23 1659 -527.004 -316.9176 16 140 47.11368 -368.4456
0.566858733621 -1.20298377342 1.83503532994
136 123 104
2 23 802 -320.52 -64.18728 16 1091 102.64392 114.55344
0.601888317864 -1.17171394318 1.79120281332
5 7 2
2 2 1732 -218.28912 -400.0488 23 1157 -533.7072 -193.29
0.592845310944 -1.16667069137 1.77276676808
119 115 112
3 23 7 -530.9352 -276.7992 16 8 2.565192 -309.4032 5 30 -844.5192 308.0376
0.666585328822 -1.11942705933 1.76988722684
50 41 34
2 23 4030 -902.0136 -210.50136 16 2564 -597.0048 -490.6776
0.615388305318 -1.1543014943 1.77761325225
202 201 196
4 2 288 -295.8144 -509.4552 23 2146 -629.5848 -233.32128 16 209 -161.92776 -316.428 5 4706 -878.4456 400.0392
0.494364856016 -1.21696172624 1.88259088597
121 94 67
2 23 51 -0.9882816 22.086552 11 4858 -367.764 190.86648
0.623771883669 -1.18483098004 1.81186399936
243 239 236
2 23 3975 -564.4728 -92.41368 16 3615 -230.4696 -88.38408
0.59999423234 -1.16500177709 1.78044766871
157 144 128
2 11 2045 -843.4872 340.344 5 2036 -833.2032 358.02
0.688199855593 -1.11389439031 1.78133481851
198 199 193
2 2 3802 -805.6104 -610.1184 23 4021 -981.8856 -139.42608
0.686468405911 -1.12317834082 1.78472334415
47 48 43
3 2 2461 -769.3488 -569.4168 23 3704 -944.2104 -125.87472 16 2573 -766.2768 -398.2416
0.672065153133 -1.11193458574 1.77246655061
13 5 3
2 2 1090 -695.9496 -655.1952 23 1064 -939.9456 -197.51472
0.668028815877 -1.22730032671 1.83328114708
39 41 40
2 2 4977 -541.4616 -197.82744 23 4635 -612.2928 17.77356
0.565635828271 -1.20343585929 1.83443249671
215 200 181
2 23 1454 -316.1832 -68.67816 16 2056 110.36712 112.54944
0.620629611863 -1.14517844167 1.74491626749
163 156 150
2 2 1707 -304.6488 -715.4256 23 810 -703.932 -361.7424
0.655749529407 -1.12323973129 1.77240982617
65 66 60
2 2 2516 -569.2224 -619.9896 23 3131 -850.1904 -214.30896
0.556402853751 -1.20567350705 1.83363811845
10 6 3
3 2 1790 2.805792 -118.15848 23 690 -284.7408 -81.81864 16 1800 162.10104 113.79648
0.568672523941 -1.19730607071 1.8330454753
158 136 113
2 11 5248 -603.3144 347.064 5 5217 -603.0144 394.5672
0.65423150275 -1.13127740197 1.76962821001
63 60 43
2 11 285 -1010.1312 525.3384 5 424 -974.6904 493.4256
0.670192993008 -1.12411921126 1.78042040832
31 33 28
2 2 2227 -666.4008 -581.6232 23 3428 -890.5632 -163.69056
0.603795267049 -1.16782661001 1.79216711939
224 217 207
2 11 3018 -813.0384 383.22 5 3068 -801.192 396.648
0.632941529062 -1.14630839959 1.77697754213
61 66 60
3 2 640 -404.9952 -537.0744 23 2631 -708.3432 -217.84104 16 365 -295.7112 -352.932
0.600946303593 -1.1571489114 1.75430081609
13 2 0
3 2 4471 -192.9804 -624.6096 23 3397 -597.6576 -343.4064 16 4838 -28.1652 -460.7736
0.566840242346 -1.19228624549 1.82500774613
201 203 202
3 2 4908 -50.98392 -179.06208 23 4857 -345.9936 -103.2144 5 5117 -637.9512 372.7032
0.615940859183 -1.16899440107 1.79765671144
211 212 207
2 23 4874 -581.0592 -153.42624 16 5126 -178.85712 -173.64312
0.677218340915 -1.11508168443 1.7722467048
10 4 6
2 11 4994 -1077.2016 624.8568 5 4938 -1029.4008 573.1872
0.667961717093 -1.11360364911 1.77146921975
13 4 5
2 2 2224 -664.6032 -654.9456 23 1315 -921.3384 -205.77792
0.624555127433 -1.14761641443 1.77500543698
59 52 44
2 11 4844 -929.6832 426.3888 5 4222 -909.2712 423.336
0.682975143309 -1.11562203616 1.77907520776
39 38 36
2 2 3002 -765.3312 -616.7976 23 3347 -960.8832 -154.78728
0.597560089338 -1.16976944942 1.78704505234
179 179 177
2 11 136 -811.2528 345.1344 5 230 -803.3184 364.692
0.552085137866 -1.20653364141 1.84722327781
74 70 69
3 14 723 327.0744 133.24344 11 5030 -529.3704 316.9752 5 4909 -529.8 386.5824
0.663649939926 -1.21848214966 1.82622020091
156 158 155
2 2 4745 -525.3408 -233.48856 23 4314 -620.292 -6.639408
0.629112565932 -1.13577992624 1.75494384176
173 164 155
2 23 4003 -742.9488 -311.9304 16 4145 -253.9848 -527.7288
0.600526515274 -1.1711920563 1.7892795586
11 6 2
2 11 570 -802.8696 360.1008 5 414 -792.1656 374.7792
0.646363865855 -1.12791215643 1.76963833906
41 43 38
3 2 2633 -500.1408 -618.6504 23 2900 -808.608 -235.76016 16 2527 -418.8744 -451.4616
0.428666738031 -1.23416979936 1.98388531928
101 91 81
2 2 222 481.6152 658.5096 23 255 340.1856 320.5872
0.630869529828 -1.26950300671 1.87840356732
2 1 6
2 2 20 -363.4224 39.16584 23 56 -397.8048 111.498
0.612106341306 -1.17312244864 1.80109752895
166 166 164
3 2 491 -284.364 -354.444 23 316 -555.6624 -144.38928 16 584 -152.14728 -143.11944
0.569256486938 -1.1891885329 1.82457242351
112 113 115
2 2 4531 -64.12344 -185.01864 23 4344 -357.0648 -102.7548
0.554617394394 -1.19739085921 1.82688392416
183 179 168
2 11 4575 -611.6208 277.7712 5 4553 -610.7424 342.5712
0.597776538168 -1.1595160831 1.76291464499
130 119 113
2 23 2045 -572.2224 -309.8832 5 2859 -885.8496 309.9696
0.615222025334 -1.15475965716 1.7832835589
128 131 124
2 23 2542 -621.0936 -212.60664 16 329 -169.87296 -277.7712
0.615649935067 -1.17488908967 1.80591757022
206 207 191
2 11 154 -760.2432 453.6288 14 4937 618.4368 48.28896
0.642479865017 -1.13511689301 1.77255384726
70 72 67
6 23 2987 -770.424 -227.78784 16 1231 -377.3832 -413.5488 2 1491 -469.6368 -587.628 5 4846 -959.1576 474.228 11 4889 -989.472 495.0648 14 1025 839.7336 79.04208
0.660794571101 -1.12515571252 1.76965651543
47 47 39
2 14 1460 914.3184 45.81192 11 4597 -1035.7896 553.416
0.598321468349 -1.16596251772 1.78092413083
11 0 0
2 11 2076 -838.6728 335.04 5 1955 -828.336 354.0696
0.555818302644 -1.18850403098 1.7919247017
143 134 129
3 2 4611 34.87368 -346.1112 23 2572 -345.3816 -240.5208 16 4805 219.45528 -130.95192
0.531162694443 -1.20202997534 1.83482223378
8 4 1
2 2 32 120.98256 -100.254 23 95 -197.39736 -107.13816
0.605665569058 -1.15905474029 1.77735877467
16 8 6
2 2 1856 -235.00488 -493.2816 23 1177 -585.5136 -245.7744
0.624503253115 -1.1837338481 1.80893066896
13 13 15
3 2 4263 -349.5528 -314.3016 23 4622 -570.8088 -102.04896 16 4039 -231.14064 -105.9852
0.625362422336 -1.1756712992 1.80817597436
128 127 122
3 14 5031 634.608 11.9046 11 57 -754.1832 489.7176 5 120 -742.8912 475.5384
0.569256486938 -1.1891885329 1.82457242351
112 113 115
2 2 2754 -64.12344 -185.01864 23 1255 -357.0648 -102.7548
0.591331804686 -1.17504043153 1.78095816063
55 40 33
2 2 569 -151.5336 -444.2304 23 476 -502.0584 -243.4848
0.592686034964 -1.17378460024 1.78408193856
48 38 28
2 2 1116 -161.69184 -429.3936 23 370 -505.6608 -230.64024
0.628168444071 -1.17851381274 1.81125039715
17 14 9
3 14 5015 627.4128 -7.219728 11 103 -737.3784 504.3864 5 199 -727.5888 484.788
0.561102946786 -1.19919651986 1.82474159287
13 4 0
2 23 756 -315.708 -109.44984 16 1925 148.98864 62.36784
0.679208166434 -1.12568837515 1.77882278988
49 51 40
2 23 4858 -920.5344 -158.65344 16 5168 -688.6176 -428.5128
0.603466688306 -1.17722450186 1.81056449118
31 27 24
3 14 4942 579.4128 75.33744 11 65 -740.868 424.1736 5 110 -731.5344 435.8784
0.605625957671 -1.17052901685 1.7981509177
59 55 52
3 2 544 -247.5264 -366.9936 23 922 -540.9984 -163.58064 16 478 -108.32304 -155.10912
0.572641586658 -1.19211844283 1.83152280153
7 3 0
2 11 4851 -631.6416 363.3552 5 4825 -626.7096 407.7768
0.502067344532 -1.24272331306 1.81024606068
178 152 103
2 11 5107 -421.1616 -12.751344 5 4756 -454.3752 85.99152
0.602498624539 -1.16803884167 1.7892546842
218 219 213
2 23 3779 -544.5144 -201.66024 11 4611 -816.7392 370.5504
0.571387130279 -1.19777949007 1.83290307629
165 161 158
2 2 3433 -80.70144 -140.82024 23 4682 -344.1288 -70.86696
0.520837747049 -1.24151679582 1.71988824929
54 22 0
2 23 2390 -231.24264 -519.24 5 1147 -647.4432 -102.67656
0.457925679001 -1.21315885463 1.95033924398
13 23 35
2 2 3359 392.1264 510.5064 23 3617 193.90464 244.4832
0.621581424482 -1.14104987101 1.74873491407
47 37 28
2 23 407 -711.5424 -342.5136 5 249 -979.7064 348.4608
0.631544395346 -1.14366277573 1.77310834777
52 52 40
2 11 4469 -951.3816 448.6608 5 4138 -925.176 437.9256
0.441407112218 -1.24054926483 1.99228635891
131 116 97
2 2 245 410.6928 679.5936 23 1784 303.6024 354.9288
0.644487286387 -1.19536479835 1.81533181897
50 51 43
2 23 920 -610.8024 -60.46584 16 3376 -349.2144 -90.88368
0.555818302644 -1.18850403098 1.7919247017
143 134 129
3 2 361 34.87368 -346.1112 23 1842 -345.3816 -240.5208 16 237 219.45528 -130.95192
0.567917780306 -1.19762482555 1.83679996549
205 201 198
2 2 5280 -65.91312 -117.8856 23 5012 -328.5168 -60.93648
0.502067344532 -1.24272331306 1.81024606068
178 152 103
2 11 94 -421.1616 -12.751344 5 273 -454.3752 85.99152
0.635367144551 -1.17924446299 1.81338699933
188 184 173
2 11 46 -732.1392 532.0728 14 5047 638.8104 -35.00496
0.67563768567 -1.12081804006 1.77473643432
84 85 77
2 23 3395 -925.26 -180.63744 16 3257 -670.8648 -462.324
0.621830081105 -1.14972541438 1.77690820546
175 176 170
3 14 3413 739.3344 116.11296 5 1174 -897.696 419.0448 11 1341 -918.3216 421.2528
0.54578121228 -1.21604440096 1.84300846409
0 1 3
3 2 5206 49.1628 -62.48472 23 4388 -227.7384 -57.58056 16 5071 211.2756 172.17552
0.704953094182 -1.11781355659 1.78801635787
48 49 33
2 11 5013 -1038.7896 749.0784 14 138 1030.356 -115.75056
0.62844920798 -1.17772107994 1.81124907645
21 11 2
2 11 4602 -740.5488 506.4096 14 305 631.7352 -6.173088
0.632504669171 -1.13742884019 1.77109602652
28 29 23
2 2 2012 -404.6952 -583.1832 23 2529 -733.62 -244.5672
0.554658492888 -1.18830565924 1.79476119204
20 11 4
3 2 4651 36.16896 -331.2576 23 2405 -339.5208 -231.39624 5 653 -710.1288 261.7656
0.465396186457 -1.23083206992 1.98548032885
4 14 24
2 2 2975 315.4704 647.3928 23 4521 208.7928 362.4024
0.59402914697 -1.17063594896 1.78008055622
226 218 215
2 2 100 -167.12904 -454.86 23 75 -520.4424 -246.2136
0.540063117696 -1.20366235298 1.83250692802
229 211 191
2 23 503 -229.2336 -104.97072 5 1034 -570.3312 314.1864
0.600946453599 -1.17105614139 1.79431043403
58 54 51
3 2 86 -219.06792 -384.5112 23 52 -527.4456 -184.78296 16 63 -72.35448 -173.5008
0.600345241092 -1.17040863913 1.79276311736
19 11 8
2 11 276 -799.7976 370.1592 5 631 -790.416 386.8032
0.614040691408 -1.17949215794 1.80435734119
215 217 216
2 2 1397 -290.1048 -331.5576 23 921 -548.1912 -130.16808
0.5376809335 -1.21131477627 1.86910937814
115 101 88
2 2 484 61.49976 63.86424 23 748 -174.9996 24.36888
0.55524039474 -1.18863944966 1.79472205835
20 11 4
4 2 240 36.16896 -331.2576 23 1337 -339.5208 -231.39624 16 152 220.07712 -113.40288 5 2739 -710.1288 261.7656
0.642368947545 -1.13144193847 1.76835620441
39 30 23
5 16 403 -379.1064 -450.5712 2 573 -468.6384 -617.8176 23 3383 -787.8552 -245.2896 11 5109 -1011.6936 486.7992 5 5063 -979.6776 466.9752
0.633743403733 -1.14196216605 1.77417529176
92 99 92
3 2 1109 -409.2528 -560.5704 23 2230 -724.056 -227.91912 5 3679 -930.3504 449.8728
0.513637038203 -1.21242449281 1.85949789241
111 86 64
2 2 40 186.04632 31.75944 23 181 -99.7152 -32.66472
0.686567227187 -1.12025494195 1.78137850506
29 29 27
3 2 3887 -773.0448 -594.9192 23 4687 -956.3808 -139.57128 16 4124 -773.1312 -429.276
0.574094495497 -1.19446491616 1.83110178022
166 160 160
2 14 3362 436.0584 108.47232 11 866 -621.7584 364.1136
